[2024/05/20 08:55:08.111] - Starting server with initial configuration: {"gasLimit":6721975,"gasPrice":20000000000,"hardfork":"merge","hostname":"127.0.0.1","port":8545,"network_id":5777,"default_balance_ether":100,"total_accounts":10,"unlocked_accounts":[],"locked":false,"vmErrorsOnRPCResponse":true,"verbose":false,"flavor":"ethereum","db_path":"C:\\Users\\kenpachi\\AppData\\Roaming\\Ganache\\ui\\workspaces\\DNS\\chaindata","mnemonic":"rail flat mother outside wish demand vault sight divert clutch conduct move","logDirectory":"C:\\Users\\kenpachi\\Documents\\test\\Logs"}
[2024/05/20 08:55:08.377] - eth_getCode
[2024/05/20 08:55:08.379] - eth_subscribe
[2024/05/20 08:55:08.380] - eth_getLogs
[2024/05/20 08:55:08.382] - eth_subscribe
[2024/05/20 08:55:08.390] - eth_getCode
[2024/05/20 08:55:08.456] - eth_getCode
[2024/05/20 08:55:08.464] - eth_getCode
[2024/05/20 08:55:08.964] - eth_getCode
[2024/05/20 08:55:08.966] - eth_subscribe
[2024/05/20 08:55:08.967] - eth_getLogs
[2024/05/20 08:55:08.969] - eth_subscribe
[2024/05/20 08:55:08.977] - eth_getCode
[2024/05/20 08:55:09.601] - eth_blockNumber
[2024/05/20 08:55:09.602] - eth_accounts
[2024/05/20 08:55:09.603] - eth_gasPrice
[2024/05/20 08:55:09.605] - eth_getBlockByNumber
[2024/05/20 08:55:09.606] - eth_subscribe
[2024/05/20 08:55:09.610] - eth_blockNumber
[2024/05/20 08:55:09.611] - eth_accounts
[2024/05/20 08:55:09.613] - eth_gasPrice
[2024/05/20 08:55:09.618] - eth_getBlockByNumber
[2024/05/20 08:55:09.619] - eth_subscribe
[2024/05/20 08:55:09.945] - eth_getBalance
[2024/05/20 08:55:09.976] - eth_getTransactionCount
[2024/05/20 08:55:10.005] - eth_getBalance
[2024/05/20 08:55:10.033] - eth_getTransactionCount
[2024/05/20 08:55:10.060] - eth_getBalance
[2024/05/20 08:55:10.092] - eth_getTransactionCount
[2024/05/20 08:55:10.113] - eth_getBalance
[2024/05/20 08:55:10.139] - eth_getTransactionCount
[2024/05/20 08:55:10.160] - eth_getBalance
[2024/05/20 08:55:10.184] - eth_getTransactionCount
[2024/05/20 08:55:10.212] - eth_getBalance
[2024/05/20 08:55:10.237] - eth_getTransactionCount
[2024/05/20 08:55:10.258] - eth_getBalance
[2024/05/20 08:55:10.287] - eth_getTransactionCount
[2024/05/20 08:55:10.305] - eth_getBalance
[2024/05/20 08:55:10.323] - eth_getTransactionCount
[2024/05/20 08:55:10.624] - eth_getBalance
[2024/05/20 08:55:10.706] - eth_getTransactionCount
[2024/05/20 08:55:10.769] - eth_getBalance
[2024/05/20 08:55:10.854] - eth_getTransactionCount
[2024/05/20 08:55:10.951] - eth_getBalance
[2024/05/20 08:55:11.021] - eth_getTransactionCount
[2024/05/20 08:55:11.090] - eth_getBalance
[2024/05/20 08:55:11.198] - eth_getTransactionCount
[2024/05/20 08:55:11.308] - eth_getBalance
[2024/05/20 08:55:11.446] - eth_getTransactionCount
[2024/05/20 08:55:11.502] - eth_getBalance
[2024/05/20 08:55:11.532] - eth_getTransactionCount
[2024/05/20 08:55:11.567] - eth_getBalance
[2024/05/20 08:55:11.610] - eth_getTransactionCount
[2024/05/20 08:55:11.642] - eth_getBalance
[2024/05/20 08:55:11.679] - eth_getTransactionCount
[2024/05/20 08:55:11.754] - eth_getBalance
[2024/05/20 08:55:11.913] - eth_getTransactionCount
[2024/05/20 08:55:12.049] - eth_getBalance
[2024/05/20 08:55:12.094] - eth_getTransactionCount
[2024/05/20 08:55:12.130] - eth_getBalance
[2024/05/20 08:55:12.165] - eth_getTransactionCount
[2024/05/20 08:55:12.217] - eth_getBalance
[2024/05/20 08:55:12.252] - eth_getTransactionCount
[2024/05/20 08:55:12.296] - eth_getBalance
[2024/05/20 08:55:12.382] - eth_getTransactionCount
[2024/05/20 08:55:12.457] - eth_getBalance
[2024/05/20 08:55:12.507] - eth_getTransactionCount
[2024/05/20 08:55:12.550] - eth_getBalance
[2024/05/20 08:55:12.597] - eth_getTransactionCount
[2024/05/20 08:55:12.643] - eth_getBalance
[2024/05/20 08:55:12.681] - eth_getTransactionCount
[2024/05/20 08:55:12.716] - eth_getBalance
[2024/05/20 08:55:12.748] - eth_getTransactionCount
[2024/05/20 08:55:12.780] - eth_getBalance
[2024/05/20 08:55:12.813] - eth_getTransactionCount
[2024/05/20 08:55:12.844] - eth_getBalance
[2024/05/20 08:55:12.874] - eth_getTransactionCount
[2024/05/20 08:55:12.908] - eth_getBalance
[2024/05/20 08:55:12.945] - eth_getTransactionCount
[2024/05/20 08:55:12.978] - eth_getBalance
[2024/05/20 08:55:13.012] - eth_getTransactionCount
[2024/05/20 08:55:13.051] - eth_getBalance
[2024/05/20 08:55:13.079] - eth_getTransactionCount
[2024/05/20 08:55:13.108] - eth_getBalance
[2024/05/20 08:55:13.144] - eth_getTransactionCount
[2024/05/20 08:55:13.174] - eth_getBalance
[2024/05/20 08:55:13.211] - eth_getTransactionCount
[2024/05/20 08:55:13.237] - eth_getBalance
[2024/05/20 08:55:13.266] - eth_getTransactionCount
[2024/05/20 08:55:13.327] - eth_getBalance
[2024/05/20 08:55:13.402] - eth_getTransactionCount
[2024/05/20 08:55:13.437] - eth_getBalance
[2024/05/20 08:55:13.473] - eth_getTransactionCount
[2024/05/20 08:55:13.506] - eth_getBalance
[2024/05/20 08:55:13.536] - eth_getTransactionCount
[2024/05/20 08:55:13.569] - eth_getBalance
[2024/05/20 08:55:13.597] - eth_getTransactionCount
[2024/05/20 08:55:13.630] - eth_getBalance
[2024/05/20 08:55:13.663] - eth_getTransactionCount
[2024/05/20 08:55:13.692] - eth_getBalance
[2024/05/20 08:55:13.718] - eth_getTransactionCount
[2024/05/20 08:55:13.750] - eth_getBalance
[2024/05/20 08:55:13.781] - eth_getTransactionCount
[2024/05/20 08:55:16.475] - eth_blockNumber
[2024/05/20 08:55:16.523] - net_version
[2024/05/20 08:55:16.533] - eth_accounts
[2024/05/20 08:55:16.574] - eth_blockNumber
[2024/05/20 08:55:16.584] - net_version
[2024/05/20 08:55:21.221] - eth_accounts
[2024/05/20 08:55:24.579] - eth_getBlockByNumber
[2024/05/20 08:55:24.593] - eth_accounts
[2024/05/20 08:55:24.668] - eth_getBlockByNumber
[2024/05/20 08:55:24.684] - eth_getBlockByNumber
[2024/05/20 08:55:24.695] - eth_getBlockByNumber
[2024/05/20 08:55:24.723] - eth_estimateGas
[2024/05/20 08:55:24.860] - eth_getBlockByNumber
[2024/05/20 08:55:24.862] - eth_blockNumber
[2024/05/20 08:55:24.877] - eth_estimateGas
[2024/05/20 08:55:24.947] - eth_getBlockByNumber
[2024/05/20 08:55:24.950] - eth_gasPrice
[2024/05/20 08:55:24.959] - eth_sendTransaction
[2024/05/20 08:55:25.004] - 
  Transaction: 0x8bf3a5ffafcd56dfe9a81aa30dcf004151c4446c1c9320cf3cc638b81cdaa46e
  Contract created: 0x99af95c02bdf848d06d13f26fbf511407b5c7b47
  Gas usage: 1477513
  Block number: 100
  Block time: Mon May 20 2024 08:55:24 GMT+0200 (Eastern European Standard Time)

[2024/05/20 08:55:25.009] - eth_getBlockByNumber
[2024/05/20 08:55:25.013] - eth_getTransactionReceipt
[2024/05/20 08:55:25.024] - eth_getCode
[2024/05/20 08:55:25.039] - eth_getBlockByNumber
[2024/05/20 08:55:25.046] - eth_getBlockByNumber
[2024/05/20 08:55:25.052] - eth_getBlockByNumber
[2024/05/20 08:55:25.059] - eth_estimateGas
[2024/05/20 08:55:25.104] - eth_getBlockByNumber
[2024/05/20 08:55:25.106] - eth_blockNumber
[2024/05/20 08:55:25.111] - eth_estimateGas
[2024/05/20 08:55:25.151] - eth_getBalance
[2024/05/20 08:55:25.153] - eth_getBlockByNumber
[2024/05/20 08:55:25.155] - eth_gasPrice
[2024/05/20 08:55:25.160] - eth_sendTransaction
[2024/05/20 08:55:25.182] - eth_getTransactionCount
[2024/05/20 08:55:25.191] - 
  Transaction: 0xac013e44812f075102c38df3fc77a2ab001c866aca6aa1395747852d111384c6
  Contract created: 0x5698523196d2b11daabf6009494842dc6f1ca5bf
  Gas usage: 227845
  Block number: 101
  Block time: Mon May 20 2024 08:55:25 GMT+0200 (Eastern European Standard Time)

[2024/05/20 08:55:25.196] - eth_getBlockByNumber
[2024/05/20 08:55:25.198] - eth_getTransactionReceipt
[2024/05/20 08:55:25.206] - eth_getCode
[2024/05/20 08:55:25.229] - eth_getBalance
[2024/05/20 08:55:25.276] - eth_getTransactionCount
[2024/05/20 08:55:25.312] - eth_getBalance
[2024/05/20 08:55:25.346] - eth_getTransactionCount
[2024/05/20 08:55:25.361] - evm_snapshot
[2024/05/20 08:55:25.363] - Saved snapshot #1
[2024/05/20 08:55:25.417] - eth_getBalance
[2024/05/20 08:55:25.467] - eth_getTransactionCount
[2024/05/20 08:55:25.503] - eth_getBalance
[2024/05/20 08:55:25.529] - net_version
[2024/05/20 08:55:25.535] - eth_blockNumber
[2024/05/20 08:55:25.545] - eth_getBlockByNumber
[2024/05/20 08:55:25.552] - eth_getTransactionCount
[2024/05/20 08:55:25.554] - eth_estimateGas
[2024/05/20 08:55:25.601] - eth_getBlockByNumber
[2024/05/20 08:55:25.603] - eth_gasPrice
[2024/05/20 08:55:25.605] - eth_getBalance
[2024/05/20 08:55:25.609] - eth_sendTransaction
[2024/05/20 08:55:25.640] - 
  Transaction: 0xa7a1cc6a83c1596a6027d20adfcffdda9057c3d31225d58a5595659c53850dbe
  Contract created: 0x441d63aa384beced9cfaf8c4048a2c69c485a3e8
  Gas usage: 1477513
  Block number: 102
  Block time: Mon May 20 2024 08:55:25 GMT+0200 (Eastern European Standard Time)

[2024/05/20 08:55:25.645] - eth_getBlockByNumber
[2024/05/20 08:55:25.647] - eth_getTransactionReceipt
[2024/05/20 08:55:25.654] - eth_getCode
[2024/05/20 08:55:25.665] - eth_getTransactionCount
[2024/05/20 08:55:25.667] - eth_getBlockByNumber
[2024/05/20 08:55:25.676] - eth_estimateGas
[2024/05/20 08:55:25.703] - eth_getBalance
[2024/05/20 08:55:25.737] - eth_getTransactionCount
[2024/05/20 08:55:25.799] - eth_getBalance
[2024/05/20 08:55:25.806] - eth_getBlockByNumber
[2024/05/20 08:55:25.808] - eth_gasPrice
[2024/05/20 08:55:25.814] - eth_sendTransaction
[2024/05/20 08:55:25.841] - eth_getTransactionCount
[2024/05/20 08:55:25.871] - eth_getBalance
[2024/05/20 08:55:25.881] - 
  Transaction: 0x043674210015268b815aad99e934ca827402505bb42c3b4bb13189f66e270a95
  Gas usage: 140225
  Block number: 103
  Block time: Mon May 20 2024 08:55:25 GMT+0200 (Eastern European Standard Time)

[2024/05/20 08:55:25.886] - eth_getBlockByNumber
[2024/05/20 08:55:25.888] - eth_getTransactionReceipt
[2024/05/20 08:55:25.912] - eth_call
[2024/05/20 08:55:25.929] - eth_getTransactionCount
[2024/05/20 08:55:25.959] - eth_blockNumber
[2024/05/20 08:55:25.965] - eth_getBalance
[2024/05/20 08:55:25.967] - eth_getBlockByNumber
[2024/05/20 08:55:25.977] - eth_estimateGas
[2024/05/20 08:55:26.029] - eth_getBlockByNumber
[2024/05/20 08:55:26.037] - eth_getBlockByNumber
[2024/05/20 08:55:26.041] - eth_getBlockByNumber
[2024/05/20 08:55:26.043] - eth_gasPrice
[2024/05/20 08:55:26.049] - eth_sendTransaction
[2024/05/20 08:55:26.061] - eth_getTransactionCount
[2024/05/20 08:55:26.078] - 
  Transaction: 0x84cbc9aa8f19d933cd44370c16facb981aca9cfdb106046869c9499b09063f53
  Contract created: 0x1dacd6102991b7994bcfb17ab1a76b6283e613d5
  Gas usage: 1477513
  Block number: 104
  Block time: Mon May 20 2024 08:55:26 GMT+0200 (Eastern European Standard Time)

[2024/05/20 08:55:26.082] - eth_getBlockByNumber
[2024/05/20 08:55:26.084] - eth_getTransactionReceipt
[2024/05/20 08:55:26.090] - eth_getCode
[2024/05/20 08:55:26.100] - eth_getBlockByNumber
[2024/05/20 08:55:26.108] - eth_estimateGas
[2024/05/20 08:55:26.198] - eth_getBlockByNumber
[2024/05/20 08:55:26.200] - eth_gasPrice
[2024/05/20 08:55:26.205] - eth_sendTransaction
[2024/05/20 08:55:26.207] - eth_getBlockByNumber
[2024/05/20 08:55:26.215] - eth_getBlockByNumber
[2024/05/20 08:55:26.260] - 
  Transaction: 0x294b9e9ea3023eb7ccbdfadeceb4f81cdfba5da08f90c43440fab239bf082678
  Gas usage: 140225
  Block number: 105
  Block time: Mon May 20 2024 08:55:26 GMT+0200 (Eastern European Standard Time)

[2024/05/20 08:55:26.265] - eth_getBlockByNumber
[2024/05/20 08:55:26.267] - eth_getTransactionReceipt
[2024/05/20 08:55:26.277] - eth_getBlockByNumber
[2024/05/20 08:55:26.285] - eth_estimateGas
[2024/05/20 08:55:26.358] - eth_getBlockByNumber
[2024/05/20 08:55:26.360] - eth_gasPrice
[2024/05/20 08:55:26.365] - eth_sendTransaction
[2024/05/20 08:55:26.405] - 
  Transaction: 0x808bde722116244086412e0e7dad61c2fc12c8bb294afa1e5dd813de219678cc
  Gas usage: 36792
  Block number: 106
  Block time: Mon May 20 2024 08:55:26 GMT+0200 (Eastern European Standard Time)

[2024/05/20 08:55:26.413] - eth_getTransactionReceipt
[2024/05/20 08:55:26.414] - eth_getBlockByNumber
[2024/05/20 08:55:26.426] - eth_call
[2024/05/20 08:55:26.459] - eth_blockNumber
[2024/05/20 08:55:26.465] - eth_getBlockByNumber
[2024/05/20 08:55:26.474] - eth_estimateGas
[2024/05/20 08:55:26.523] - eth_getBlockByNumber
[2024/05/20 08:55:26.525] - eth_gasPrice
[2024/05/20 08:55:26.532] - eth_sendTransaction
[2024/05/20 08:55:26.562] - 
  Transaction: 0xbdd61de5686963c28da2684a9c7bc4fa26969056b3e5552c5d39d6758c657c36
  Contract created: 0x1b15a95348ceb9b67682468dc00a658d2528bc2a
  Gas usage: 1477513
  Block number: 107
  Block time: Mon May 20 2024 08:55:26 GMT+0200 (Eastern European Standard Time)

[2024/05/20 08:55:26.566] - eth_getBlockByNumber
[2024/05/20 08:55:26.568] - eth_getTransactionReceipt
[2024/05/20 08:55:26.576] - eth_getCode
[2024/05/20 08:55:26.585] - eth_getBlockByNumber
[2024/05/20 08:55:26.598] - eth_estimateGas
[2024/05/20 08:55:26.657] - eth_getBlockByNumber
[2024/05/20 08:55:26.667] - eth_getBlockByNumber
[2024/05/20 08:55:26.726] - eth_getBalance
[2024/05/20 08:55:26.744] - eth_getBlockByNumber
[2024/05/20 08:55:26.747] - eth_gasPrice
[2024/05/20 08:55:26.752] - eth_sendTransaction
[2024/05/20 08:55:26.816] - 
  Transaction: 0xd0a7c18844fc58ffaa57645e2eae227caac47e7011ea98d90f48726656fc800b
  Gas usage: 140225
  Block number: 108
  Block time: Mon May 20 2024 08:55:26 GMT+0200 (Eastern European Standard Time)

[2024/05/20 08:55:26.821] - eth_getBlockByNumber
[2024/05/20 08:55:26.823] - eth_getTransactionReceipt
[2024/05/20 08:55:26.832] - eth_getBlockByNumber
[2024/05/20 08:55:26.840] - eth_getTransactionCount
[2024/05/20 08:55:26.842] - eth_estimateGas
[2024/05/20 08:55:26.892] - eth_getBalance
[2024/05/20 08:55:26.903] - eth_getBlockByNumber
[2024/05/20 08:55:26.905] - eth_gasPrice
[2024/05/20 08:55:26.907] - eth_getBlockByNumber
[2024/05/20 08:55:26.911] - eth_sendTransaction
[2024/05/20 08:55:26.918] - eth_getBlockByNumber
[2024/05/20 08:55:26.945] - eth_getTransactionCount
[2024/05/20 08:55:26.951] - 
  Transaction: 0x589c92f8bebba70aa58f84534933fc15dd8101a5da48564adcc37d95aba0e0c3
  Gas usage: 31311
  Block number: 109
  Block time: Mon May 20 2024 08:55:26 GMT+0200 (Eastern European Standard Time)

[2024/05/20 08:55:26.956] - eth_getBlockByNumber
[2024/05/20 08:55:26.959] - eth_getTransactionReceipt
[2024/05/20 08:55:26.970] - eth_call
[2024/05/20 08:55:26.994] - eth_getBalance
[2024/05/20 08:55:26.999] - eth_blockNumber
[2024/05/20 08:55:27.006] - eth_getBlockByNumber
[2024/05/20 08:55:27.017] - eth_estimateGas
[2024/05/20 08:55:27.027] - eth_getBlockByNumber
[2024/05/20 08:55:27.035] - eth_getBlockByNumber
[2024/05/20 08:55:27.066] - eth_getBlockByNumber
[2024/05/20 08:55:27.068] - eth_gasPrice
[2024/05/20 08:55:27.070] - eth_getTransactionCount
[2024/05/20 08:55:27.074] - eth_sendTransaction
[2024/05/20 08:55:27.094] - eth_getBlockByNumber
[2024/05/20 08:55:27.103] - eth_getBlockByNumber
[2024/05/20 08:55:27.117] - 
  Transaction: 0x60900c7f943bcf30910e7f9c1e753c43bc68ebc813e18b00e96bcfbdba0e1ae2
  Contract created: 0xb502187d71d9172dc44350060d199c89dc9f7bf2
  Gas usage: 1477513
  Block number: 110
  Block time: Mon May 20 2024 08:55:27 GMT+0200 (Eastern European Standard Time)

[2024/05/20 08:55:27.121] - eth_getBlockByNumber
[2024/05/20 08:55:27.123] - eth_getTransactionReceipt
[2024/05/20 08:55:27.130] - eth_getCode
[2024/05/20 08:55:27.138] - eth_getBalance
[2024/05/20 08:55:27.140] - eth_getBlockByNumber
[2024/05/20 08:55:27.147] - eth_estimateGas
[2024/05/20 08:55:27.175] - eth_getTransactionCount
[2024/05/20 08:55:27.220] - eth_getBlockByNumber
[2024/05/20 08:55:27.222] - eth_getBalance
[2024/05/20 08:55:27.227] - eth_getBlockByNumber
[2024/05/20 08:55:27.243] - eth_getBlockByNumber
[2024/05/20 08:55:27.246] - eth_gasPrice
[2024/05/20 08:55:27.251] - eth_sendTransaction
[2024/05/20 08:55:27.259] - eth_getTransactionCount
[2024/05/20 08:55:27.283] - eth_getBlockByNumber
[2024/05/20 08:55:27.289] - eth_getBlockByNumber
[2024/05/20 08:55:27.310] - 
  Transaction: 0x468c2f906519e5d02c3fb58683d134d9cf8dfb3daa6475df81a8e95b363a3464
  Gas usage: 140225
  Block number: 111
  Block time: Mon May 20 2024 08:55:27 GMT+0200 (Eastern European Standard Time)

[2024/05/20 08:55:27.315] - eth_getBlockByNumber
[2024/05/20 08:55:27.317] - eth_getTransactionReceipt
[2024/05/20 08:55:27.325] - eth_getBlockByNumber
[2024/05/20 08:55:27.331] - eth_getBalance
[2024/05/20 08:55:27.333] - eth_estimateGas
[2024/05/20 08:55:27.404] - eth_getTransactionCount
[2024/05/20 08:55:27.426] - eth_getBlockByNumber
[2024/05/20 08:55:27.431] - eth_getBlockByNumber
[2024/05/20 08:55:27.463] - eth_getBalance
[2024/05/20 08:55:27.471] - eth_getBlockByNumber
[2024/05/20 08:55:27.473] - eth_gasPrice
[2024/05/20 08:55:27.478] - eth_sendTransaction
[2024/05/20 08:55:27.530] - eth_getTransactionCount
[2024/05/20 08:55:27.556] - 
  Transaction: 0x450f3bd182d7a4e566622a698d7397fc6ca8fe101f1172e978d5508e21c3dddc
  Gas usage: 44654
  Block number: 112
  Block time: Mon May 20 2024 08:55:27 GMT+0200 (Eastern European Standard Time)

[2024/05/20 08:55:27.561] - eth_getTransactionReceipt
[2024/05/20 08:55:27.562] - eth_getBlockByNumber
[2024/05/20 08:55:27.571] - eth_call
[2024/05/20 08:55:27.582] - eth_getBlockByNumber
[2024/05/20 08:55:27.588] - eth_getBlockByNumber
[2024/05/20 08:55:27.596] - eth_getBalance
[2024/05/20 08:55:27.685] - eth_getTransactionCount
[2024/05/20 08:55:27.750] - eth_getBalance
[2024/05/20 08:55:27.784] - eth_getTransactionCount
[2024/05/20 08:55:27.834] - eth_getBalance
[2024/05/20 08:55:27.898] - eth_getTransactionCount
[2024/05/20 08:55:28.016] - eth_getBalance
[2024/05/20 08:55:28.059] - eth_getTransactionCount
[2024/05/20 08:55:28.094] - eth_getBalance
[2024/05/20 08:55:28.122] - eth_getTransactionCount
[2024/05/20 08:55:28.148] - eth_getBalance
[2024/05/20 08:55:28.187] - eth_getTransactionCount
[2024/05/20 08:55:28.207] - eth_getBalance
[2024/05/20 08:55:28.241] - eth_getTransactionCount
[2024/05/20 08:55:28.267] - eth_getBalance
[2024/05/20 08:55:28.295] - eth_getTransactionCount
[2024/05/20 08:55:28.319] - eth_getBalance
[2024/05/20 08:55:28.345] - eth_getTransactionCount
[2024/05/20 08:55:28.376] - eth_getBalance
[2024/05/20 08:55:28.399] - eth_getTransactionCount
[2024/05/20 08:55:28.421] - eth_getBalance
[2024/05/20 08:55:28.453] - eth_getTransactionCount
[2024/05/20 08:55:28.478] - eth_getBalance
[2024/05/20 08:55:28.496] - eth_getTransactionCount
[2024/05/20 08:55:28.532] - eth_getBalance
[2024/05/20 08:55:28.559] - eth_getTransactionCount
[2024/05/20 08:55:28.990] - eth_getBalance
[2024/05/20 08:55:29.022] - eth_getTransactionCount
[2024/05/20 08:55:29.051] - eth_getBalance
[2024/05/20 08:55:29.070] - eth_getBalance
[2024/05/20 08:55:29.098] - eth_getTransactionCount
[2024/05/20 08:55:29.128] - eth_getBalance
[2024/05/20 08:55:29.155] - eth_getTransactionCount
[2024/05/20 08:55:29.180] - eth_getBalance
[2024/05/20 08:55:29.205] - eth_getTransactionCount
[2024/05/20 08:55:29.240] - eth_getBalance
[2024/05/20 08:55:29.265] - eth_getTransactionCount
[2024/05/20 08:55:29.288] - eth_getBalance
[2024/05/20 08:55:29.322] - eth_getTransactionCount
[2024/05/20 08:55:29.350] - eth_getBalance
[2024/05/20 08:55:29.388] - eth_getTransactionCount
[2024/05/20 08:55:29.430] - eth_getBalance
[2024/05/20 08:55:29.458] - eth_getTransactionCount
[2024/05/20 08:55:29.505] - eth_getBalance
[2024/05/20 08:55:29.531] - eth_getTransactionCount
[2024/05/20 08:55:29.559] - eth_getBalance
[2024/05/20 08:55:29.603] - eth_getTransactionCount
[2024/05/20 08:55:29.673] - eth_getBalance
[2024/05/20 08:55:29.709] - eth_getBalance
[2024/05/20 08:55:29.742] - eth_getTransactionCount
[2024/05/20 08:55:29.773] - eth_getBalance
[2024/05/20 08:55:29.805] - eth_getTransactionCount
[2024/05/20 08:55:29.835] - eth_getBalance
[2024/05/20 08:55:29.861] - eth_getTransactionCount
[2024/05/20 08:55:29.890] - eth_getBalance
[2024/05/20 08:55:29.917] - eth_getTransactionCount
[2024/05/20 08:55:29.948] - eth_getBalance
[2024/05/20 08:55:29.973] - eth_getTransactionCount
[2024/05/20 08:55:30.010] - eth_getBalance
[2024/05/20 08:55:30.038] - eth_getTransactionCount
[2024/05/20 08:55:30.060] - eth_getBalance
[2024/05/20 08:55:30.094] - eth_getTransactionCount
[2024/05/20 08:55:30.117] - eth_getBalance
[2024/05/20 08:55:30.149] - eth_getTransactionCount
[2024/05/20 08:55:30.929] - eth_getBalance
[2024/05/20 08:55:30.951] - eth_getTransactionCount
[2024/05/20 08:55:30.978] - eth_getBalance
[2024/05/20 08:55:31.014] - eth_getTransactionCount
[2024/05/20 08:55:31.041] - eth_getBalance
[2024/05/20 08:55:31.067] - eth_getTransactionCount
[2024/05/20 08:55:31.092] - eth_getBalance
[2024/05/20 08:55:31.122] - eth_getTransactionCount
[2024/05/20 08:55:31.148] - eth_getBalance
[2024/05/20 08:55:31.176] - eth_getTransactionCount
[2024/05/20 08:55:31.197] - eth_getBalance
[2024/05/20 08:55:31.226] - eth_getTransactionCount
[2024/05/20 08:55:31.245] - eth_getBalance
[2024/05/20 08:55:31.267] - eth_getTransactionCount
[2024/05/20 08:55:31.302] - eth_getBalance
[2024/05/20 08:55:31.321] - eth_getTransactionCount
[2024/05/20 08:55:31.357] - eth_getBalance
[2024/05/20 08:55:31.442] - eth_getTransactionCount
[2024/05/20 08:55:31.485] - eth_getBalance
[2024/05/20 08:55:31.513] - eth_getTransactionCount
[2024/05/20 08:55:31.543] - eth_getBalance
[2024/05/20 08:55:31.577] - eth_getTransactionCount
[2024/05/20 08:55:31.603] - eth_getBalance
[2024/05/20 08:55:31.622] - eth_getTransactionCount
[2024/05/20 08:55:31.666] - eth_getBalance
[2024/05/20 08:55:31.693] - eth_getTransactionCount
[2024/05/20 08:55:31.728] - eth_getBalance
[2024/05/20 08:55:31.755] - eth_getTransactionCount
[2024/05/20 08:55:31.781] - eth_getBalance
[2024/05/20 08:55:31.803] - eth_getTransactionCount
[2024/05/20 08:55:31.831] - eth_getBalance
[2024/05/20 08:55:31.856] - eth_getTransactionCount
[2024/05/20 08:55:31.886] - eth_getBalance
[2024/05/20 08:55:31.912] - eth_getTransactionCount
[2024/05/20 08:55:31.930] - eth_getBalance
[2024/05/20 08:55:31.957] - eth_getTransactionCount
[2024/05/20 08:55:31.995] - eth_getBalance
[2024/05/20 08:55:32.017] - eth_getTransactionCount
[2024/05/20 08:55:32.038] - eth_getBalance
[2024/05/20 08:55:32.076] - eth_getTransactionCount
[2024/05/20 08:55:32.108] - eth_getBalance
[2024/05/20 08:55:32.146] - eth_getTransactionCount
[2024/05/20 08:55:32.166] - eth_getBalance
[2024/05/20 08:55:32.185] - eth_getTransactionCount
[2024/05/20 08:55:32.228] - eth_getBalance
[2024/05/20 08:55:32.298] - eth_getTransactionCount
[2024/05/20 08:55:32.341] - eth_getBalance
[2024/05/20 08:55:32.378] - eth_getTransactionCount
[2024/05/20 08:55:32.416] - eth_getBalance
[2024/05/20 08:55:32.435] - eth_getTransactionCount
[2024/05/20 08:55:32.458] - eth_getBalance
[2024/05/20 08:55:32.485] - eth_getTransactionCount
[2024/05/20 08:55:32.515] - eth_getBalance
[2024/05/20 08:55:32.545] - eth_getTransactionCount
[2024/05/20 08:55:32.572] - eth_getBalance
[2024/05/20 08:55:32.594] - eth_getTransactionCount
[2024/05/20 08:55:32.622] - eth_getBalance
[2024/05/20 08:55:32.641] - eth_getTransactionCount
[2024/05/20 08:55:32.671] - eth_getBalance
[2024/05/20 08:55:32.700] - eth_getTransactionCount
[2024/05/20 08:55:33.077] - eth_getBalance
[2024/05/20 08:55:33.108] - eth_getTransactionCount
[2024/05/20 08:55:33.170] - eth_getBalance
[2024/05/20 08:55:33.232] - eth_getTransactionCount
[2024/05/20 08:55:33.266] - eth_getBalance
[2024/05/20 08:55:33.292] - eth_getTransactionCount
[2024/05/20 08:55:33.314] - eth_getBalance
[2024/05/20 08:55:33.337] - eth_getTransactionCount
[2024/05/20 08:55:33.359] - eth_getBalance
[2024/05/20 08:55:33.395] - eth_getBalance
[2024/05/20 08:55:33.418] - eth_getTransactionCount
[2024/05/20 08:55:33.451] - eth_getBalance
[2024/05/20 08:55:33.481] - eth_getTransactionCount
[2024/05/20 08:55:33.515] - eth_getBalance
[2024/05/20 08:55:33.543] - eth_getTransactionCount
[2024/05/20 08:55:33.570] - eth_getBalance
[2024/05/20 08:55:33.606] - eth_getTransactionCount
[2024/05/20 08:55:33.627] - eth_getBalance
[2024/05/20 08:55:33.651] - eth_getTransactionCount
[2024/05/20 08:55:33.683] - eth_getBalance
[2024/05/20 08:55:33.702] - eth_getTransactionCount
[2024/05/20 08:55:33.731] - eth_getBalance
[2024/05/20 08:55:33.765] - eth_getTransactionCount
[2024/05/20 08:55:33.787] - eth_getBalance
[2024/05/20 08:55:33.815] - eth_getTransactionCount
[2024/05/20 08:55:33.835] - eth_getBalance
[2024/05/20 08:55:33.861] - eth_getTransactionCount
[2024/05/20 08:55:33.893] - eth_getBalance
[2024/05/20 08:55:33.914] - eth_getBalance
[2024/05/20 08:55:33.947] - eth_getTransactionCount
[2024/05/20 08:55:34.069] - eth_getBalance
[2024/05/20 08:55:34.115] - eth_getTransactionCount
[2024/05/20 08:55:34.151] - eth_getBalance
[2024/05/20 08:55:34.191] - eth_getTransactionCount
[2024/05/20 08:55:34.226] - eth_getBalance
[2024/05/20 08:55:34.274] - eth_getTransactionCount
[2024/05/20 08:55:34.309] - eth_getBalance
[2024/05/20 08:55:34.343] - eth_getTransactionCount
[2024/05/20 08:55:35.089] - eth_getBalance
[2024/05/20 08:55:35.122] - eth_getTransactionCount
[2024/05/20 08:55:35.159] - eth_getBalance
[2024/05/20 08:55:35.210] - eth_getTransactionCount
[2024/05/20 08:55:35.241] - eth_getBalance
[2024/05/20 08:55:35.277] - eth_getTransactionCount
[2024/05/20 08:55:35.324] - eth_getBalance
[2024/05/20 08:55:35.388] - eth_getTransactionCount
[2024/05/20 08:55:35.566] - eth_getBalance
[2024/05/20 08:55:35.606] - eth_getTransactionCount
[2024/05/20 08:55:35.674] - eth_getBalance
[2024/05/20 08:55:35.705] - eth_getTransactionCount
[2024/05/20 08:55:35.740] - eth_getBalance
[2024/05/20 08:55:35.776] - eth_getTransactionCount
[2024/05/20 08:55:35.821] - eth_getBalance
[2024/05/20 08:55:35.852] - eth_getTransactionCount
[2024/05/20 08:55:35.886] - eth_getBalance
[2024/05/20 08:55:35.913] - eth_getTransactionCount
[2024/05/20 08:55:35.941] - eth_getBalance
[2024/05/20 08:55:35.965] - eth_getTransactionCount
[2024/05/20 08:55:35.994] - eth_getBalance
[2024/05/20 08:55:36.031] - eth_getTransactionCount
[2024/05/20 08:55:36.126] - eth_getBalance
[2024/05/20 08:55:36.167] - eth_getTransactionCount
[2024/05/20 08:55:36.229] - eth_getBalance
[2024/05/20 08:55:36.320] - eth_getTransactionCount
[2024/05/20 08:55:36.480] - eth_getBalance
[2024/05/20 08:55:37.908] - eth_getTransactionCount
[2024/05/20 08:55:38.107] - eth_getBalance
[2024/05/20 08:55:38.239] - eth_getTransactionCount
[2024/05/20 08:55:38.305] - eth_getBalance
[2024/05/20 08:55:38.693] - eth_getTransactionCount
[2024/05/20 08:55:38.858] - eth_getBalance
[2024/05/20 08:55:39.274] - eth_getTransactionCount
[2024/05/20 08:55:39.404] - eth_getBalance
[2024/05/20 08:55:39.487] - eth_getTransactionCount
[2024/05/20 08:55:39.537] - eth_getBalance
[2024/05/20 08:55:39.576] - eth_getTransactionCount
[2024/05/20 08:55:39.657] - eth_getBalance
[2024/05/20 08:55:39.740] - eth_getTransactionCount
[2024/05/20 08:55:39.789] - eth_getBalance
[2024/05/20 08:55:39.826] - eth_getTransactionCount
[2024/05/20 08:55:39.862] - eth_getBalance
[2024/05/20 08:55:39.927] - eth_getTransactionCount
[2024/05/20 08:55:39.957] - eth_getBalance
[2024/05/20 08:55:40.014] - eth_getTransactionCount
[2024/05/20 08:55:40.043] - eth_getBalance
[2024/05/20 08:55:40.074] - eth_getTransactionCount
[2024/05/20 08:55:40.104] - eth_getBalance
[2024/05/20 08:55:40.136] - eth_getTransactionCount
[2024/05/20 08:55:40.164] - eth_getBalance
[2024/05/20 08:55:40.196] - eth_getTransactionCount
[2024/05/20 08:55:40.222] - eth_getBalance
[2024/05/20 08:55:40.250] - eth_getTransactionCount
[2024/05/20 08:55:41.661] - eth_getBalance
[2024/05/20 08:55:41.690] - eth_getTransactionCount
[2024/05/20 08:55:41.723] - eth_getBalance
[2024/05/20 08:55:41.754] - eth_getTransactionCount
[2024/05/20 08:55:41.782] - eth_getBalance
[2024/05/20 08:55:41.807] - eth_getTransactionCount
[2024/05/20 08:55:41.838] - eth_getBalance
[2024/05/20 08:55:41.860] - eth_getTransactionCount
[2024/05/20 08:55:41.893] - eth_getBalance
[2024/05/20 08:55:41.942] - eth_getTransactionCount
[2024/05/20 08:55:41.981] - eth_getBalance
[2024/05/20 08:55:42.015] - eth_getTransactionCount
[2024/05/20 08:55:42.043] - eth_getBalance
[2024/05/20 08:55:42.073] - eth_getTransactionCount
[2024/05/20 08:55:42.105] - eth_getBalance
[2024/05/20 08:55:42.132] - eth_getTransactionCount
[2024/05/20 08:55:42.160] - eth_getBalance
[2024/05/20 08:55:42.199] - eth_getTransactionCount
[2024/05/20 08:55:42.223] - eth_getBalance
[2024/05/20 08:55:42.250] - eth_getTransactionCount
[2024/05/20 08:55:42.357] - eth_getBalance
[2024/05/20 08:55:42.428] - eth_getTransactionCount
[2024/05/20 08:55:42.467] - eth_getBalance
[2024/05/20 08:55:42.500] - eth_getTransactionCount
[2024/05/20 08:55:42.532] - eth_getBalance
[2024/05/20 08:55:42.566] - eth_getTransactionCount
[2024/05/20 08:55:42.594] - eth_getBalance
[2024/05/20 08:55:42.628] - eth_getTransactionCount
[2024/05/20 08:55:42.663] - eth_getBalance
[2024/05/20 08:55:42.688] - eth_getTransactionCount
[2024/05/20 08:55:42.718] - eth_getBalance
[2024/05/20 08:55:42.750] - eth_getTransactionCount
[2024/05/20 08:55:42.782] - eth_getBalance
[2024/05/20 08:55:42.813] - eth_getTransactionCount
[2024/05/20 08:55:42.840] - eth_getBalance
[2024/05/20 08:55:42.870] - eth_getTransactionCount
[2024/05/20 08:55:42.904] - eth_getBalance
[2024/05/20 08:55:42.942] - eth_getTransactionCount
[2024/05/20 08:55:42.978] - eth_getBalance
[2024/05/20 08:55:43.043] - eth_getTransactionCount
[2024/05/20 08:55:43.090] - eth_getBalance
[2024/05/20 08:55:43.154] - eth_getTransactionCount
[2024/05/20 08:55:43.213] - eth_getBalance
[2024/05/20 08:55:43.237] - eth_getTransactionCount
[2024/05/20 08:55:43.267] - eth_getBalance
[2024/05/20 08:55:43.344] - eth_getTransactionCount
[2024/05/20 08:55:43.403] - eth_getBalance
[2024/05/20 08:55:43.610] - eth_getTransactionCount
[2024/05/20 08:55:43.728] - eth_getBalance
[2024/05/20 08:55:43.788] - eth_getTransactionCount
[2024/05/20 08:55:43.825] - eth_getBalance
[2024/05/20 08:55:43.870] - eth_getTransactionCount
[2024/05/20 08:55:44.194] - eth_getBalance
[2024/05/20 08:55:44.307] - eth_getTransactionCount
[2024/05/20 08:55:45.026] - eth_getBalance
[2024/05/20 08:55:45.077] - eth_getTransactionCount
[2024/05/20 08:55:45.131] - eth_getBalance
[2024/05/20 08:55:45.172] - eth_getTransactionCount
[2024/05/20 08:55:45.205] - eth_getBalance
[2024/05/20 08:55:45.250] - eth_getTransactionCount
[2024/05/20 08:55:45.313] - eth_getBalance
[2024/05/20 08:55:45.348] - eth_getTransactionCount
[2024/05/20 08:55:45.392] - eth_getBalance
[2024/05/20 08:55:45.472] - eth_getTransactionCount
[2024/05/20 08:55:45.508] - eth_getBalance
[2024/05/20 08:55:45.561] - eth_getTransactionCount
[2024/05/20 08:55:45.692] - eth_getBalance
[2024/05/20 08:55:45.810] - eth_getTransactionCount
[2024/05/20 08:55:45.836] - eth_getBalance
[2024/05/20 08:55:45.863] - eth_getTransactionCount
[2024/05/20 08:55:45.894] - eth_getBalance
[2024/05/20 08:55:45.940] - eth_getTransactionCount
[2024/05/20 08:55:45.985] - eth_getBalance
[2024/05/20 08:55:46.026] - eth_getTransactionCount
[2024/05/20 08:55:46.057] - eth_getBalance
[2024/05/20 08:55:46.099] - eth_getTransactionCount
[2024/05/20 08:55:46.138] - eth_getBalance
[2024/05/20 08:55:46.165] - eth_getTransactionCount
[2024/05/20 08:55:46.186] - eth_getBalance
[2024/05/20 08:55:46.207] - eth_getTransactionCount
[2024/05/20 08:55:46.238] - eth_getBalance
[2024/05/20 08:55:46.263] - eth_getTransactionCount
[2024/05/20 08:55:46.297] - eth_getBalance
[2024/05/20 08:55:46.325] - eth_getTransactionCount
[2024/05/20 08:55:46.360] - eth_getBalance
[2024/05/20 08:55:46.400] - eth_getTransactionCount
[2024/05/20 08:55:46.466] - eth_getBalance
[2024/05/20 08:55:46.509] - eth_getTransactionCount
[2024/05/20 08:55:46.587] - eth_getBalance
[2024/05/20 08:55:46.646] - eth_getTransactionCount
[2024/05/20 08:55:46.799] - eth_getBalance
[2024/05/20 08:55:46.875] - eth_getTransactionCount
[2024/05/20 08:55:46.902] - eth_getBalance
[2024/05/20 08:55:46.928] - eth_getTransactionCount
[2024/05/20 08:55:46.956] - eth_getBalance
[2024/05/20 08:55:46.992] - eth_getTransactionCount
[2024/05/20 08:55:47.037] - eth_getBalance
[2024/05/20 08:55:47.069] - eth_getTransactionCount
[2024/05/20 08:55:47.090] - eth_getBalance
[2024/05/20 08:55:47.128] - eth_getTransactionCount
[2024/05/20 08:55:47.187] - eth_getBalance
[2024/05/20 08:55:47.245] - eth_getTransactionCount
[2024/05/20 08:55:47.301] - eth_getBalance
[2024/05/20 08:55:47.341] - eth_getTransactionCount
[2024/05/20 08:55:47.378] - eth_getBalance
[2024/05/20 08:55:47.435] - eth_getTransactionCount
[2024/05/20 08:55:47.470] - eth_getBalance
[2024/05/20 08:55:47.502] - eth_getTransactionCount
[2024/05/20 08:55:47.524] - eth_getBalance
[2024/05/20 08:55:47.551] - eth_getTransactionCount
[2024/05/20 08:55:47.581] - eth_getBalance
[2024/05/20 08:55:47.616] - eth_getTransactionCount
[2024/05/20 08:55:47.691] - eth_getBalance
[2024/05/20 08:55:47.719] - eth_getTransactionCount
[2024/05/20 08:55:47.739] - eth_getBalance
[2024/05/20 08:55:47.783] - eth_getTransactionCount
[2024/05/20 08:55:47.825] - eth_getBalance
[2024/05/20 08:55:47.857] - eth_getTransactionCount
[2024/05/20 08:55:47.935] - eth_getBalance
[2024/05/20 08:55:47.995] - eth_getTransactionCount
[2024/05/20 08:55:48.027] - eth_getBalance
[2024/05/20 08:55:48.053] - eth_getTransactionCount
[2024/05/20 08:55:48.083] - eth_getBalance
[2024/05/20 08:55:48.104] - eth_getTransactionCount
[2024/05/20 08:55:48.132] - eth_getBalance
[2024/05/20 08:55:48.158] - eth_getTransactionCount
[2024/05/20 08:55:48.191] - eth_getBalance
[2024/05/20 08:55:48.209] - eth_getTransactionCount
[2024/05/20 08:55:48.241] - eth_getBalance
[2024/05/20 08:55:48.285] - eth_getTransactionCount
[2024/05/20 08:55:48.311] - eth_getBalance
[2024/05/20 08:55:48.338] - eth_getTransactionCount
[2024/05/20 08:55:48.370] - eth_getBalance
[2024/05/20 08:55:48.404] - eth_getTransactionCount
[2024/05/20 08:55:48.470] - eth_getBalance
[2024/05/20 08:55:48.508] - eth_getTransactionCount
[2024/05/20 08:55:48.548] - eth_getBalance
[2024/05/20 08:55:48.569] - eth_getTransactionCount
[2024/05/20 08:55:48.589] - eth_getBalance
[2024/05/20 08:55:48.631] - eth_getTransactionCount
[2024/05/20 08:55:48.669] - eth_getBalance
[2024/05/20 08:55:48.697] - eth_getTransactionCount
[2024/05/20 08:55:48.737] - eth_getBalance
[2024/05/20 08:55:48.777] - eth_getTransactionCount
[2024/05/20 08:55:48.909] - eth_getBalance
[2024/05/20 08:55:49.077] - eth_getTransactionCount
[2024/05/20 08:55:49.152] - eth_getBalance
[2024/05/20 08:55:49.229] - eth_getTransactionCount
[2024/05/20 08:55:49.270] - eth_getBalance
[2024/05/20 08:55:49.340] - eth_getTransactionCount
[2024/05/20 08:55:49.397] - eth_getBalance
[2024/05/20 08:55:49.431] - eth_getTransactionCount
[2024/05/20 08:55:49.455] - eth_getBalance
[2024/05/20 08:55:49.489] - eth_getTransactionCount
[2024/05/20 08:55:49.998] - eth_getBalance
[2024/05/20 08:55:50.054] - eth_getTransactionCount
[2024/05/20 08:55:50.108] - eth_getBalance
[2024/05/20 08:55:50.180] - eth_getTransactionCount
[2024/05/20 08:55:50.224] - eth_getBalance
[2024/05/20 08:55:50.304] - eth_getTransactionCount
[2024/05/20 08:55:50.621] - eth_getBalance
[2024/05/20 08:55:50.758] - eth_getTransactionCount
[2024/05/20 08:55:50.808] - eth_getBalance
[2024/05/20 08:55:50.874] - eth_getTransactionCount
[2024/05/20 08:55:50.935] - eth_getBalance
[2024/05/20 08:55:50.985] - eth_getTransactionCount
[2024/05/20 08:55:51.042] - eth_getBalance
[2024/05/20 08:55:51.089] - eth_getTransactionCount
[2024/05/20 08:55:51.147] - eth_getBalance
[2024/05/20 08:55:51.423] - eth_getTransactionCount
[2024/05/20 08:55:51.491] - eth_getBalance
[2024/05/20 08:55:51.549] - eth_getTransactionCount
[2024/05/20 08:55:54.138] - eth_getBalance
[2024/05/20 08:55:54.404] - eth_getTransactionCount
[2024/05/20 08:55:54.543] - eth_getBalance
[2024/05/20 08:55:54.581] - eth_getTransactionCount
[2024/05/20 08:55:54.623] - eth_getBalance
[2024/05/20 08:55:54.657] - eth_getTransactionCount
[2024/05/20 08:55:54.699] - eth_getBalance
[2024/05/20 08:55:54.739] - eth_getTransactionCount
[2024/05/20 08:55:54.766] - eth_getBalance
[2024/05/20 08:55:54.803] - eth_getTransactionCount
[2024/05/20 08:55:54.840] - eth_getBalance
[2024/05/20 08:55:54.892] - eth_getTransactionCount
[2024/05/20 08:55:54.937] - eth_getBalance
[2024/05/20 08:55:54.985] - eth_getTransactionCount
[2024/05/20 08:55:55.037] - eth_getBalance
[2024/05/20 08:55:55.073] - eth_getTransactionCount
[2024/05/20 08:55:55.123] - eth_getBalance
[2024/05/20 08:55:55.211] - eth_getTransactionCount
[2024/05/20 08:55:55.758] - eth_getBalance
[2024/05/20 08:55:56.427] - eth_getTransactionCount
[2024/05/20 08:55:56.894] - eth_getBalance
[2024/05/20 08:55:56.972] - eth_getTransactionCount
[2024/05/20 08:55:57.026] - eth_getBalance
[2024/05/20 08:55:57.073] - eth_getTransactionCount
[2024/05/20 08:55:57.138] - eth_getBalance
[2024/05/20 08:55:57.427] - eth_getTransactionCount
[2024/05/20 08:55:57.619] - eth_getBalance
[2024/05/20 08:55:57.658] - eth_getTransactionCount
[2024/05/20 08:55:57.695] - eth_getBalance
[2024/05/20 08:55:57.736] - eth_getTransactionCount
[2024/05/20 08:55:57.774] - eth_getBalance
[2024/05/20 08:55:57.806] - eth_getTransactionCount
[2024/05/20 08:55:57.851] - eth_getBalance
[2024/05/20 08:55:57.883] - eth_getTransactionCount
[2024/05/20 08:55:57.912] - eth_getBalance
[2024/05/20 08:55:57.940] - eth_getTransactionCount
[2024/05/20 08:55:58.421] - eth_getBalance
[2024/05/20 08:55:58.449] - eth_getTransactionCount
[2024/05/20 08:55:58.478] - eth_getBalance
[2024/05/20 08:55:58.535] - eth_getTransactionCount
[2024/05/20 08:55:58.619] - eth_getBalance
[2024/05/20 08:55:58.660] - eth_getTransactionCount
[2024/05/20 08:55:58.690] - eth_getBalance
[2024/05/20 08:55:58.728] - eth_getTransactionCount
[2024/05/20 08:55:58.758] - eth_getBalance
[2024/05/20 08:55:58.788] - eth_getTransactionCount
[2024/05/20 08:55:58.827] - eth_getBalance
[2024/05/20 08:55:58.857] - eth_getTransactionCount
[2024/05/20 08:55:58.891] - eth_getBalance
[2024/05/20 08:55:58.922] - eth_getTransactionCount
[2024/05/20 08:55:58.959] - eth_getBalance
[2024/05/20 08:55:58.984] - eth_getTransactionCount
[2024/05/20 09:09:23.164] - eth_blockNumber
[2024/05/20 09:09:23.225] - net_version
[2024/05/20 09:09:23.236] - eth_accounts
[2024/05/20 09:09:23.319] - eth_getBlockByNumber
[2024/05/20 09:09:23.336] - eth_accounts
[2024/05/20 09:09:23.421] - eth_getBlockByNumber
[2024/05/20 09:09:23.433] - eth_getBlockByNumber
[2024/05/20 09:09:23.443] - eth_getBlockByNumber
[2024/05/20 09:09:23.475] - eth_estimateGas
[2024/05/20 09:09:23.772] - eth_getBlockByNumber
[2024/05/20 09:09:23.786] - eth_blockNumber
[2024/05/20 09:09:23.808] - eth_estimateGas
[2024/05/20 09:09:23.866] - eth_getBlockByNumber
[2024/05/20 09:09:23.868] - eth_gasPrice
[2024/05/20 09:09:23.879] - eth_sendTransaction
[2024/05/20 09:09:23.911] - 
  Transaction: 0x094c6ddf1b967da83b49638b1e43240960efe0a329814de3abe359f754010b44
  Contract created: 0x760f5c952b00e7898f783832777706c788812602
  Gas usage: 1477513
  Block number: 113
  Block time: Mon May 20 2024 09:09:23 GMT+0200 (Eastern European Standard Time)

[2024/05/20 09:09:23.917] - eth_getBlockByNumber
[2024/05/20 09:09:23.928] - eth_getTransactionReceipt
[2024/05/20 09:09:23.940] - eth_getCode
[2024/05/20 09:09:23.956] - eth_getTransactionByHash
[2024/05/20 09:09:23.967] - eth_getBlockByNumber
[2024/05/20 09:09:23.981] - eth_getBalance
[2024/05/20 09:09:24.006] - eth_getBlockByNumber
[2024/05/20 09:09:24.015] - eth_getBlockByNumber
[2024/05/20 09:09:24.038] - eth_getBlockByNumber
[2024/05/20 09:09:24.054] - eth_estimateGas
[2024/05/20 09:09:24.117] - eth_getBlockByNumber
[2024/05/20 09:09:24.120] - eth_blockNumber
[2024/05/20 09:09:24.127] - eth_estimateGas
[2024/05/20 09:09:24.230] - eth_getBlockByNumber
[2024/05/20 09:09:24.233] - eth_gasPrice
[2024/05/20 09:09:24.240] - eth_sendTransaction
[2024/05/20 09:09:24.264] - 
  Transaction: 0x229b651d8dbba02a0367fbd26d636eb068100da84df1b3645ac26c8d94e19880
  Contract created: 0xd4425ca11ebd20e76dc45c8da8e6d3dfd2f462c9
  Gas usage: 227845
  Block number: 114
  Block time: Mon May 20 2024 09:09:24 GMT+0200 (Eastern European Standard Time)

[2024/05/20 09:09:24.268] - eth_getBlockByNumber
[2024/05/20 09:09:24.273] - eth_getTransactionReceipt
[2024/05/20 09:09:24.284] - eth_getCode
[2024/05/20 09:09:24.291] - eth_getTransactionByHash
[2024/05/20 09:09:24.298] - eth_getBlockByNumber
[2024/05/20 09:09:24.306] - eth_getBalance
[2024/05/20 09:09:25.183] - eth_getBalance
[2024/05/20 09:09:25.256] - eth_getTransactionCount
[2024/05/20 09:09:25.330] - eth_getBalance
[2024/05/20 09:09:25.370] - eth_getTransactionCount
[2024/05/20 09:09:25.407] - eth_getBalance
[2024/05/20 09:09:25.466] - eth_getTransactionCount
[2024/05/20 09:09:25.501] - eth_getBalance
[2024/05/20 09:09:25.539] - eth_getTransactionCount
[2024/05/20 09:09:25.583] - eth_getBalance
[2024/05/20 09:09:25.650] - eth_getTransactionCount
[2024/05/20 09:09:25.716] - eth_getBalance
[2024/05/20 09:09:25.760] - eth_getTransactionCount
[2024/05/20 09:09:25.949] - eth_getBalance
[2024/05/20 09:09:26.149] - eth_getTransactionCount
[2024/05/20 09:09:26.226] - eth_getBalance
[2024/05/20 09:09:26.386] - eth_getTransactionCount
[2024/05/20 09:09:26.593] - eth_getBalance
[2024/05/20 09:09:26.665] - eth_getTransactionCount
[2024/05/20 09:09:26.717] - eth_getBalance
[2024/05/20 09:09:26.760] - eth_getTransactionCount
[2024/05/20 09:09:26.827] - eth_getBalance
[2024/05/20 09:09:26.887] - eth_getTransactionCount
[2024/05/20 09:09:26.956] - eth_getBalance
[2024/05/20 09:09:27.004] - eth_getTransactionCount
[2024/05/20 09:09:27.064] - eth_getBalance
[2024/05/20 09:09:27.137] - eth_getTransactionCount
[2024/05/20 09:09:27.202] - eth_getBalance
[2024/05/20 09:09:27.254] - eth_getTransactionCount
[2024/05/20 09:09:27.306] - eth_getBalance
[2024/05/20 09:09:27.363] - eth_getTransactionCount
[2024/05/20 09:09:27.401] - eth_getBalance
[2024/05/20 09:09:27.457] - eth_getTransactionCount
[2024/05/20 09:09:27.507] - eth_getBalance
[2024/05/20 09:09:27.551] - eth_getTransactionCount
[2024/05/20 09:09:27.598] - eth_getBalance
[2024/05/20 09:09:27.652] - eth_getTransactionCount
[2024/05/20 09:09:27.756] - eth_getBalance
[2024/05/20 09:09:27.950] - eth_getTransactionCount
[2024/05/20 09:09:28.075] - eth_getBalance
[2024/05/20 09:09:28.119] - eth_getTransactionCount
[2024/05/20 09:09:53.681] - eth_blockNumber
[2024/05/20 09:09:53.793] - net_version
[2024/05/20 09:09:53.827] - eth_accounts
[2024/05/20 09:09:53.900] - eth_blockNumber
[2024/05/20 09:09:53.914] - net_version
[2024/05/20 09:09:58.103] - eth_accounts
[2024/05/20 09:10:02.591] - eth_getBlockByNumber
[2024/05/20 09:10:02.605] - eth_accounts
[2024/05/20 09:10:02.678] - eth_getBlockByNumber
[2024/05/20 09:10:02.690] - eth_getBlockByNumber
[2024/05/20 09:10:02.699] - eth_getBlockByNumber
[2024/05/20 09:10:02.722] - eth_estimateGas
[2024/05/20 09:10:02.832] - eth_getBlockByNumber
[2024/05/20 09:10:02.834] - eth_blockNumber
[2024/05/20 09:10:02.846] - eth_estimateGas
[2024/05/20 09:10:02.888] - eth_getBlockByNumber
[2024/05/20 09:10:02.890] - eth_gasPrice
[2024/05/20 09:10:02.906] - eth_sendTransaction
[2024/05/20 09:10:02.935] - 
  Transaction: 0x0ca71ba086f618f5397a4b9a17f524fe7cb47b09b151e18746296b56b18adcfc
  Contract created: 0x6b4b0f711c95dd8052eedd946019d0d86976e7b2
  Gas usage: 1477513
  Block number: 115
  Block time: Mon May 20 2024 09:10:02 GMT+0200 (Eastern European Standard Time)

[2024/05/20 09:10:02.940] - eth_getBlockByNumber
[2024/05/20 09:10:02.944] - eth_getTransactionReceipt
[2024/05/20 09:10:02.953] - eth_getCode
[2024/05/20 09:10:02.967] - eth_getBlockByNumber
[2024/05/20 09:10:02.973] - eth_getBlockByNumber
[2024/05/20 09:10:02.979] - eth_getBlockByNumber
[2024/05/20 09:10:02.988] - eth_estimateGas
[2024/05/20 09:10:03.024] - eth_getBlockByNumber
[2024/05/20 09:10:03.026] - eth_blockNumber
[2024/05/20 09:10:03.032] - eth_estimateGas
[2024/05/20 09:10:03.067] - eth_getBlockByNumber
[2024/05/20 09:10:03.069] - eth_gasPrice
[2024/05/20 09:10:03.075] - eth_sendTransaction
[2024/05/20 09:10:03.094] - 
  Transaction: 0x4b3a2d772bb22056cef38c7f07c79e32afeecd8acba86d4dd96072cc91706115
  Contract created: 0x079afc8de1dcce268b957ed7c633d5d15d97eb0a
  Gas usage: 227845
  Block number: 116
  Block time: Mon May 20 2024 09:10:03 GMT+0200 (Eastern European Standard Time)

[2024/05/20 09:10:03.095] - eth_getBalance
[2024/05/20 09:10:03.100] - eth_getBlockByNumber
[2024/05/20 09:10:03.102] - eth_getTransactionReceipt
[2024/05/20 09:10:03.110] - eth_getCode
[2024/05/20 09:10:03.176] - eth_getTransactionCount
[2024/05/20 09:10:03.238] - eth_getBalance
[2024/05/20 09:10:03.249] - evm_snapshot
[2024/05/20 09:10:03.250] - Saved snapshot #2
[2024/05/20 09:10:03.418] - net_version
[2024/05/20 09:10:03.426] - eth_blockNumber
[2024/05/20 09:10:03.435] - eth_getBlockByNumber
[2024/05/20 09:10:03.445] - eth_estimateGas
[2024/05/20 09:10:03.488] - eth_getBlockByNumber
[2024/05/20 09:10:03.490] - eth_gasPrice
[2024/05/20 09:10:03.497] - eth_sendTransaction
[2024/05/20 09:10:03.512] - eth_getTransactionCount
[2024/05/20 09:10:03.531] - 
  Transaction: 0x19fc40540e0c524f642ed87b07c52ee7c70ff554b9bd63210fb594f8fabc426c
  Contract created: 0x31a6258493f50f9e16a27eef33db4f274091d291
  Gas usage: 1477513
  Block number: 117
  Block time: Mon May 20 2024 09:10:03 GMT+0200 (Eastern European Standard Time)

[2024/05/20 09:10:03.535] - eth_getBlockByNumber
[2024/05/20 09:10:03.537] - eth_getTransactionReceipt
[2024/05/20 09:10:03.544] - eth_getCode
[2024/05/20 09:10:03.556] - eth_getBlockByNumber
[2024/05/20 09:10:03.565] - eth_estimateGas
[2024/05/20 09:10:03.642] - eth_getBalance
[2024/05/20 09:10:03.674] - eth_getBlockByNumber
[2024/05/20 09:10:03.676] - eth_gasPrice
[2024/05/20 09:10:03.684] - eth_sendTransaction
[2024/05/20 09:10:03.749] - 
  Transaction: 0x599c038d0f3b9e26e951bf26a37659d6dfb3ff4d7c6d3842f8c6523d36ce1f21
  Gas usage: 140225
  Block number: 118
  Block time: Mon May 20 2024 09:10:03 GMT+0200 (Eastern European Standard Time)

[2024/05/20 09:10:03.756] - eth_getTransactionReceipt
[2024/05/20 09:10:03.757] - eth_getBlockByNumber
[2024/05/20 09:10:03.783] - eth_call
[2024/05/20 09:10:03.831] - eth_blockNumber
[2024/05/20 09:10:03.834] - eth_getTransactionCount
[2024/05/20 09:10:03.838] - eth_getBlockByNumber
[2024/05/20 09:10:03.850] - eth_estimateGas
[2024/05/20 09:10:03.914] - eth_getBlockByNumber
[2024/05/20 09:10:03.916] - eth_gasPrice
[2024/05/20 09:10:03.922] - eth_sendTransaction
[2024/05/20 09:10:03.950] - 
  Transaction: 0x6551f813e408b30a6b8c90c7574cddc67c536b9515a9c2f6573559cdea5f2a15
  Contract created: 0x7b1e8bf14211be252c4e2fcbaea59c10e3e17c99
  Gas usage: 1477513
  Block number: 119
  Block time: Mon May 20 2024 09:10:03 GMT+0200 (Eastern European Standard Time)

[2024/05/20 09:10:03.955] - eth_getBlockByNumber
[2024/05/20 09:10:03.956] - eth_getTransactionReceipt
[2024/05/20 09:10:03.961] - eth_getBlockByNumber
[2024/05/20 09:10:03.965] - eth_getCode
[2024/05/20 09:10:03.969] - eth_getBlockByNumber
[2024/05/20 09:10:03.977] - eth_getBlockByNumber
[2024/05/20 09:10:03.986] - eth_estimateGas
[2024/05/20 09:10:04.004] - eth_getBalance
[2024/05/20 09:10:04.078] - eth_getBlockByNumber
[2024/05/20 09:10:04.080] - eth_gasPrice
[2024/05/20 09:10:04.086] - eth_sendTransaction
[2024/05/20 09:10:04.092] - eth_getTransactionCount
[2024/05/20 09:10:04.116] - eth_getBlockByNumber
[2024/05/20 09:10:04.122] - eth_getBlockByNumber
[2024/05/20 09:10:04.144] - 
  Transaction: 0xc3ba5557812fe754fdbbc211523e1f27d5c66c10dcadb25d2917421c4f30ffeb
  Gas usage: 140225
  Block number: 120
  Block time: Mon May 20 2024 09:10:04 GMT+0200 (Eastern European Standard Time)

[2024/05/20 09:10:04.150] - eth_getTransactionReceipt
[2024/05/20 09:10:04.151] - eth_getBlockByNumber
[2024/05/20 09:10:04.161] - eth_getBlockByNumber
[2024/05/20 09:10:04.169] - eth_estimateGas
[2024/05/20 09:10:04.229] - eth_getBalance
[2024/05/20 09:10:04.236] - eth_getBlockByNumber
[2024/05/20 09:10:04.238] - eth_gasPrice
[2024/05/20 09:10:04.244] - eth_sendTransaction
[2024/05/20 09:10:04.274] - 
  Transaction: 0xcf5d95a3a9921437ade79284d2c09d338d74ab0893e481768ee662a91f40b4ab
  Gas usage: 36792
  Block number: 121
  Block time: Mon May 20 2024 09:10:04 GMT+0200 (Eastern European Standard Time)

[2024/05/20 09:10:04.282] - eth_getBlockByNumber
[2024/05/20 09:10:04.283] - eth_getTransactionReceipt
[2024/05/20 09:10:04.295] - eth_call
[2024/05/20 09:10:04.305] - eth_getTransactionCount
[2024/05/20 09:10:04.326] - eth_blockNumber
[2024/05/20 09:10:04.334] - eth_getBlockByNumber
[2024/05/20 09:10:04.344] - eth_estimateGas
[2024/05/20 09:10:04.392] - eth_getBlockByNumber
[2024/05/20 09:10:04.395] - eth_gasPrice
[2024/05/20 09:10:04.401] - eth_getBalance
[2024/05/20 09:10:04.403] - eth_sendTransaction
[2024/05/20 09:10:04.429] - 
  Transaction: 0x14c8d0fe5455066d33f8c669aac8296d5a899da7f25120ddfdc550e63dee765a
  Contract created: 0xb3b1911fb5af89fdb51dd0ee674ec9f27f610753
  Gas usage: 1477513
  Block number: 122
  Block time: Mon May 20 2024 09:10:04 GMT+0200 (Eastern European Standard Time)

[2024/05/20 09:10:04.433] - eth_getBlockByNumber
[2024/05/20 09:10:04.435] - eth_getTransactionReceipt
[2024/05/20 09:10:04.443] - eth_getCode
[2024/05/20 09:10:04.452] - eth_getBlockByNumber
[2024/05/20 09:10:04.459] - eth_estimateGas
[2024/05/20 09:10:04.527] - eth_getTransactionCount
[2024/05/20 09:10:04.538] - eth_getBlockByNumber
[2024/05/20 09:10:04.540] - eth_gasPrice
[2024/05/20 09:10:04.546] - eth_sendTransaction
[2024/05/20 09:10:04.548] - eth_getBlockByNumber
[2024/05/20 09:10:04.561] - eth_getBlockByNumber
[2024/05/20 09:10:04.596] - 
  Transaction: 0x1ad0c918a4aec0e84f6b14e209a40551d736df182a3417d6b38573b19d022cfc
  Gas usage: 140225
  Block number: 123
  Block time: Mon May 20 2024 09:10:04 GMT+0200 (Eastern European Standard Time)

[2024/05/20 09:10:04.602] - eth_getBlockByNumber
[2024/05/20 09:10:04.603] - eth_getTransactionReceipt
[2024/05/20 09:10:04.613] - eth_getBlockByNumber
[2024/05/20 09:10:04.622] - eth_estimateGas
[2024/05/20 09:10:04.674] - eth_getBlockByNumber
[2024/05/20 09:10:04.677] - eth_gasPrice
[2024/05/20 09:10:04.683] - eth_sendTransaction
[2024/05/20 09:10:04.685] - eth_getBalance
[2024/05/20 09:10:04.714] - 
  Transaction: 0xb319c6e434c13d242e39efc38720526ff26419b566a6ac81fc537aa5ee4ae8d3
  Gas usage: 31311
  Block number: 124
  Block time: Mon May 20 2024 09:10:04 GMT+0200 (Eastern European Standard Time)

[2024/05/20 09:10:04.719] - eth_getBlockByNumber
[2024/05/20 09:10:04.720] - eth_getTransactionReceipt
[2024/05/20 09:10:04.733] - eth_call
[2024/05/20 09:10:04.762] - eth_blockNumber
[2024/05/20 09:10:04.765] - eth_getBlockByNumber
[2024/05/20 09:10:04.770] - eth_getBlockByNumber
[2024/05/20 09:10:04.773] - eth_getTransactionCount
[2024/05/20 09:10:04.776] - eth_getBlockByNumber
[2024/05/20 09:10:04.784] - eth_estimateGas
[2024/05/20 09:10:04.831] - eth_getBlockByNumber
[2024/05/20 09:10:04.833] - eth_gasPrice
[2024/05/20 09:10:04.839] - eth_sendTransaction
[2024/05/20 09:10:04.864] - 
  Transaction: 0x4685998a655d5bdfc7abf892a5e14de6182f36ca03f32d68118176b513e8ab90
  Contract created: 0xb6077f5a0c99a9db75dc1166e6627324f7f87293
  Gas usage: 1477513
  Block number: 125
  Block time: Mon May 20 2024 09:10:04 GMT+0200 (Eastern European Standard Time)

[2024/05/20 09:10:04.869] - eth_getBlockByNumber
[2024/05/20 09:10:04.870] - eth_getTransactionReceipt
[2024/05/20 09:10:04.875] - eth_getBalance
[2024/05/20 09:10:04.878] - eth_getCode
[2024/05/20 09:10:04.887] - eth_getBlockByNumber
[2024/05/20 09:10:04.894] - eth_estimateGas
[2024/05/20 09:10:04.934] - eth_getTransactionCount
[2024/05/20 09:10:04.963] - eth_getBlockByNumber
[2024/05/20 09:10:04.969] - eth_getBlockByNumber
[2024/05/20 09:10:04.971] - eth_getBlockByNumber
[2024/05/20 09:10:04.980] - eth_getBlockByNumber
[2024/05/20 09:10:04.989] - eth_getBlockByNumber
[2024/05/20 09:10:04.993] - eth_gasPrice
[2024/05/20 09:10:05.000] - eth_sendTransaction
[2024/05/20 09:10:05.005] - eth_getBalance
[2024/05/20 09:10:05.045] - 
  Transaction: 0xdf525fe92354dade5c03648bec284371157e852bc87a6677627b27e2dbb718ed
  Gas usage: 140225
  Block number: 126
  Block time: Mon May 20 2024 09:10:05 GMT+0200 (Eastern European Standard Time)

[2024/05/20 09:10:05.050] - eth_getBlockByNumber
[2024/05/20 09:10:05.051] - eth_getTransactionReceipt
[2024/05/20 09:10:05.062] - eth_getBlockByNumber
[2024/05/20 09:10:05.068] - eth_estimateGas
[2024/05/20 09:10:05.114] - eth_getTransactionCount
[2024/05/20 09:10:05.118] - eth_getBlockByNumber
[2024/05/20 09:10:05.128] - eth_getBlockByNumber
[2024/05/20 09:10:05.167] - eth_getBlockByNumber
[2024/05/20 09:10:05.173] - eth_getBlockByNumber
[2024/05/20 09:10:05.188] - eth_getBalance
[2024/05/20 09:10:05.195] - eth_getBlockByNumber
[2024/05/20 09:10:05.197] - eth_gasPrice
[2024/05/20 09:10:05.204] - eth_sendTransaction
[2024/05/20 09:10:05.260] - eth_getTransactionCount
[2024/05/20 09:10:05.264] - 
  Transaction: 0x67cfb14a0e3af98c8448718fb9fec8ea4d9e31117f73b1b0eb8dfb8e1d96cf98
  Gas usage: 44654
  Block number: 127
  Block time: Mon May 20 2024 09:10:05 GMT+0200 (Eastern European Standard Time)

[2024/05/20 09:10:05.269] - eth_getTransactionReceipt
[2024/05/20 09:10:05.270] - eth_getBlockByNumber
[2024/05/20 09:10:05.280] - eth_call
[2024/05/20 09:10:05.293] - eth_getBlockByNumber
[2024/05/20 09:10:05.302] - eth_getBlockByNumber
[2024/05/20 09:10:05.471] - eth_getBalance
[2024/05/20 09:10:05.549] - eth_getTransactionCount
[2024/05/20 09:10:05.605] - eth_getBalance
[2024/05/20 09:10:05.662] - eth_getTransactionCount
[2024/05/20 09:10:05.709] - eth_getBalance
[2024/05/20 09:10:05.768] - eth_getTransactionCount
[2024/05/20 09:10:05.850] - eth_getBalance
[2024/05/20 09:10:05.917] - eth_getTransactionCount
[2024/05/20 09:10:05.965] - eth_getBalance
[2024/05/20 09:10:06.217] - eth_getTransactionCount
[2024/05/20 09:10:06.287] - eth_getBalance
[2024/05/20 09:10:06.365] - eth_getTransactionCount
[2024/05/20 09:10:06.401] - eth_getBalance
[2024/05/20 09:10:06.452] - eth_getTransactionCount
[2024/05/20 09:10:06.500] - eth_getBalance
[2024/05/20 09:10:06.567] - eth_getTransactionCount
[2024/05/20 09:10:06.634] - eth_getBalance
[2024/05/20 09:10:06.679] - eth_getTransactionCount
[2024/05/20 09:10:06.717] - eth_getBalance
[2024/05/20 09:10:06.777] - eth_getTransactionCount
[2024/05/20 09:10:07.265] - eth_getTransactionCount
[2024/05/20 09:10:07.325] - eth_getBalance
[2024/05/20 09:10:07.421] - eth_getTransactionCount
[2024/05/20 09:10:07.522] - eth_getBalance
[2024/05/20 09:10:07.572] - eth_getTransactionCount
[2024/05/20 09:10:07.610] - eth_getBalance
[2024/05/20 09:10:07.665] - eth_getTransactionCount
[2024/05/20 09:10:07.711] - eth_getBalance
[2024/05/20 09:10:07.757] - eth_getTransactionCount
[2024/05/20 09:10:07.844] - eth_getBalance
[2024/05/20 09:10:07.920] - eth_getTransactionCount
[2024/05/20 09:10:07.972] - eth_getBalance
[2024/05/20 09:10:08.031] - eth_getTransactionCount
[2024/05/20 09:10:08.070] - eth_getBalance
[2024/05/20 09:10:08.124] - eth_getTransactionCount
[2024/05/20 09:10:08.170] - eth_getBalance
[2024/05/20 09:10:08.235] - eth_getTransactionCount
[2024/05/20 09:10:08.285] - eth_getBalance
[2024/05/20 09:10:08.334] - eth_getTransactionCount
[2024/05/20 09:10:08.381] - eth_getTransactionCount
[2024/05/20 09:10:08.466] - eth_getBalance
[2024/05/20 09:10:08.581] - eth_getTransactionCount
[2024/05/20 09:10:08.639] - eth_getBalance
[2024/05/20 09:10:08.687] - eth_getTransactionCount
[2024/05/20 09:10:08.730] - eth_getBalance
[2024/05/20 09:10:08.769] - eth_getTransactionCount
[2024/05/20 09:10:08.806] - eth_getBalance
[2024/05/20 09:10:08.841] - eth_getTransactionCount
[2024/05/20 09:10:08.880] - eth_getBalance
[2024/05/20 09:10:08.925] - eth_getTransactionCount
[2024/05/20 09:10:08.969] - eth_getBalance
[2024/05/20 09:10:09.012] - eth_getTransactionCount
[2024/05/20 09:10:09.043] - eth_getBalance
[2024/05/20 09:10:09.089] - eth_getTransactionCount
[2024/05/20 09:10:09.120] - eth_getBalance
[2024/05/20 09:10:09.158] - eth_getTransactionCount
[2024/05/20 09:10:09.194] - eth_getBalance
[2024/05/20 09:10:09.231] - eth_getTransactionCount
[2024/05/20 09:10:09.267] - eth_getTransactionCount
[2024/05/20 09:10:09.306] - eth_getBalance
[2024/05/20 09:10:09.345] - eth_getTransactionCount
[2024/05/20 09:10:09.419] - eth_getBalance
[2024/05/20 09:10:09.506] - eth_getTransactionCount
[2024/05/20 09:10:09.551] - eth_getBalance
[2024/05/20 09:10:09.590] - eth_getTransactionCount
[2024/05/20 09:10:09.648] - eth_getBalance
[2024/05/20 09:10:09.716] - eth_getTransactionCount
[2024/05/20 09:10:09.755] - eth_getBalance
[2024/05/20 09:10:09.793] - eth_getTransactionCount
[2024/05/20 09:10:09.832] - eth_getBalance
[2024/05/20 09:10:09.871] - eth_getTransactionCount
[2024/05/20 09:10:09.931] - eth_getBalance
[2024/05/20 09:10:09.972] - eth_getTransactionCount
[2024/05/20 09:10:10.004] - eth_getBalance
[2024/05/20 09:10:10.043] - eth_getTransactionCount
[2024/05/20 09:10:10.080] - eth_getBalance
[2024/05/20 09:10:10.118] - eth_getTransactionCount
[2024/05/20 09:10:10.151] - eth_getTransactionCount
[2024/05/20 09:10:10.195] - eth_getBalance
[2024/05/20 09:10:10.232] - eth_getTransactionCount
[2024/05/20 09:10:10.280] - eth_getBalance
[2024/05/20 09:10:10.314] - eth_getTransactionCount
[2024/05/20 09:10:10.382] - eth_getBalance
[2024/05/20 09:10:10.541] - eth_getTransactionCount
[2024/05/20 09:10:10.621] - eth_getBalance
[2024/05/20 09:10:10.665] - eth_getTransactionCount
[2024/05/20 09:10:10.703] - eth_getBalance
[2024/05/20 09:10:10.749] - eth_getTransactionCount
[2024/05/20 09:10:10.830] - eth_getBalance
[2024/05/20 09:10:10.885] - eth_getTransactionCount
[2024/05/20 09:10:10.927] - eth_getBalance
[2024/05/20 09:10:10.969] - eth_getTransactionCount
[2024/05/20 09:10:11.002] - eth_getBalance
[2024/05/20 09:10:11.041] - eth_getTransactionCount
[2024/05/20 09:10:11.080] - eth_getBalance
[2024/05/20 09:10:11.137] - eth_getTransactionCount
[2024/05/20 09:10:12.056] - eth_getBalance
[2024/05/20 09:10:12.093] - eth_getBalance
[2024/05/20 09:10:12.136] - eth_getTransactionCount
[2024/05/20 09:10:12.170] - eth_getBalance
[2024/05/20 09:10:12.206] - eth_getTransactionCount
[2024/05/20 09:10:12.243] - eth_getBalance
[2024/05/20 09:10:12.306] - eth_getTransactionCount
[2024/05/20 09:10:12.344] - eth_getBalance
[2024/05/20 09:10:12.476] - eth_getTransactionCount
[2024/05/20 09:10:12.561] - eth_getBalance
[2024/05/20 09:10:12.598] - eth_getTransactionCount
[2024/05/20 09:10:12.640] - eth_getBalance
[2024/05/20 09:10:12.680] - eth_getTransactionCount
[2024/05/20 09:10:12.717] - eth_getBalance
[2024/05/20 09:10:12.754] - eth_getTransactionCount
[2024/05/20 09:10:12.792] - eth_getBalance
[2024/05/20 09:10:12.833] - eth_getTransactionCount
[2024/05/20 09:10:12.869] - eth_getBalance
[2024/05/20 09:10:12.902] - eth_getTransactionCount
[2024/05/20 09:10:12.941] - eth_getBalance
[2024/05/20 09:10:12.999] - eth_getBalance
[2024/05/20 09:10:13.042] - eth_getTransactionCount
[2024/05/20 09:10:13.077] - eth_getBalance
[2024/05/20 09:10:13.117] - eth_getTransactionCount
[2024/05/20 09:10:13.154] - eth_getBalance
[2024/05/20 09:10:13.222] - eth_getTransactionCount
[2024/05/20 09:10:13.265] - eth_getBalance
[2024/05/20 09:10:13.571] - eth_getTransactionCount
[2024/05/20 09:10:13.698] - eth_getBalance
[2024/05/20 09:10:13.765] - eth_getTransactionCount
[2024/05/20 09:10:13.832] - eth_getBalance
[2024/05/20 09:10:13.897] - eth_getTransactionCount
[2024/05/20 09:10:13.959] - eth_getBalance
[2024/05/20 09:10:14.026] - eth_getTransactionCount
[2024/05/20 09:10:14.131] - eth_getBalance
[2024/05/20 09:10:14.196] - eth_getTransactionCount
[2024/05/20 09:10:14.265] - eth_getBalance
[2024/05/20 09:10:14.385] - eth_getTransactionCount
[2024/05/20 09:10:15.174] - eth_getBalance
[2024/05/20 09:10:15.635] - eth_getTransactionCount
[2024/05/20 09:10:15.805] - eth_getBalance
[2024/05/20 09:10:16.045] - eth_getTransactionCount
[2024/05/20 09:10:16.174] - eth_getBalance
[2024/05/20 09:10:16.253] - eth_getTransactionCount
[2024/05/20 09:10:16.325] - eth_getBalance
[2024/05/20 09:10:16.392] - eth_getTransactionCount
[2024/05/20 09:10:16.483] - eth_getBalance
[2024/05/20 09:10:16.543] - eth_getTransactionCount
[2024/05/20 09:10:16.604] - eth_getBalance
[2024/05/20 09:10:16.676] - eth_getTransactionCount
[2024/05/20 09:10:16.758] - eth_getBalance
[2024/05/20 09:10:16.836] - eth_getTransactionCount
[2024/05/20 09:10:16.903] - eth_getBalance
[2024/05/20 09:10:17.207] - eth_getTransactionCount
[2024/05/20 09:10:17.308] - eth_getBalance
[2024/05/20 09:10:17.373] - eth_getTransactionCount
[2024/05/20 09:10:17.493] - eth_getBalance
[2024/05/20 09:10:17.721] - eth_getTransactionCount
[2024/05/20 09:10:17.782] - eth_getBalance
[2024/05/20 09:10:17.837] - eth_getTransactionCount
[2024/05/20 09:10:17.890] - eth_getBalance
[2024/05/20 09:10:17.966] - eth_getTransactionCount
[2024/05/20 09:10:18.041] - eth_getBalance
[2024/05/20 09:10:18.135] - eth_getTransactionCount
[2024/05/20 09:10:18.197] - eth_getBalance
[2024/05/20 09:10:18.265] - eth_getTransactionCount
[2024/05/20 09:10:18.346] - eth_getBalance
[2024/05/20 09:10:18.407] - eth_getTransactionCount
[2024/05/20 09:10:18.493] - eth_getBalance
[2024/05/20 09:10:18.558] - eth_getTransactionCount
[2024/05/20 09:10:18.617] - eth_getBalance
[2024/05/20 09:10:18.700] - eth_getTransactionCount
[2024/05/20 09:10:18.767] - eth_getBalance
[2024/05/20 09:10:18.822] - eth_getTransactionCount
[2024/05/20 09:10:18.876] - eth_getBalance
[2024/05/20 09:10:18.936] - eth_getTransactionCount
[2024/05/20 09:10:18.986] - eth_getBalance
[2024/05/20 09:10:19.077] - eth_getTransactionCount
[2024/05/20 09:10:19.199] - eth_getBalance
[2024/05/20 09:10:19.260] - eth_getTransactionCount
[2024/05/20 09:10:19.308] - eth_getBalance
[2024/05/20 09:10:19.359] - eth_getTransactionCount
[2024/05/20 09:10:19.411] - eth_getBalance
[2024/05/20 09:10:19.472] - eth_getTransactionCount
[2024/05/20 09:10:19.526] - eth_getBalance
[2024/05/20 09:10:19.574] - eth_getTransactionCount
[2024/05/20 09:10:19.635] - eth_getBalance
[2024/05/20 09:10:19.686] - eth_getTransactionCount
[2024/05/20 09:10:19.747] - eth_getBalance
[2024/05/20 09:10:19.824] - eth_getTransactionCount
[2024/05/20 09:10:19.891] - eth_getBalance
[2024/05/20 09:10:19.949] - eth_getTransactionCount
[2024/05/20 09:10:20.010] - eth_getBalance
[2024/05/20 09:10:20.057] - eth_getTransactionCount
[2024/05/20 09:10:20.119] - eth_getBalance
[2024/05/20 09:10:20.165] - eth_getTransactionCount
[2024/05/20 09:10:20.265] - eth_getBalance
[2024/05/20 09:10:20.406] - eth_getTransactionCount
[2024/05/20 09:10:20.800] - eth_getBalance
[2024/05/20 09:10:20.853] - eth_getTransactionCount
[2024/05/20 09:10:20.912] - eth_getBalance
[2024/05/20 09:10:20.964] - eth_getTransactionCount
[2024/05/20 09:10:21.024] - eth_getBalance
[2024/05/20 09:10:21.075] - eth_getTransactionCount
[2024/05/20 09:10:21.132] - eth_getBalance
[2024/05/20 09:10:21.188] - eth_getTransactionCount
[2024/05/20 09:10:21.242] - eth_getBalance
[2024/05/20 09:10:21.292] - eth_getTransactionCount
[2024/05/20 09:10:21.350] - eth_getBalance
[2024/05/20 09:10:21.659] - eth_getTransactionCount
[2024/05/20 09:10:21.736] - eth_getBalance
[2024/05/20 09:10:21.800] - eth_getTransactionCount
[2024/05/20 09:10:21.953] - eth_getBalance
[2024/05/20 09:10:22.082] - eth_getTransactionCount
[2024/05/20 09:10:22.439] - eth_getBalance
[2024/05/20 09:10:22.704] - eth_getTransactionCount
[2024/05/20 09:10:22.929] - eth_getBalance
[2024/05/20 09:10:22.985] - eth_getTransactionCount
[2024/05/20 09:10:23.037] - eth_getBalance
[2024/05/20 09:10:23.091] - eth_getTransactionCount
[2024/05/20 09:10:23.143] - eth_getBalance
[2024/05/20 09:10:23.187] - eth_getTransactionCount
[2024/05/20 09:10:23.241] - eth_getBalance
[2024/05/20 09:10:23.293] - eth_getTransactionCount
[2024/05/20 09:10:23.345] - eth_getBalance
[2024/05/20 09:10:23.465] - eth_getTransactionCount
[2024/05/20 09:10:23.526] - eth_getBalance
[2024/05/20 09:10:23.595] - eth_getTransactionCount
[2024/05/20 09:10:23.676] - eth_getBalance
[2024/05/20 09:10:23.738] - eth_getTransactionCount
[2024/05/20 09:10:23.800] - eth_getBalance
[2024/05/20 09:10:24.002] - eth_getTransactionCount
[2024/05/20 09:10:24.137] - eth_getBalance
[2024/05/20 09:10:24.249] - eth_getTransactionCount
[2024/05/20 09:10:24.367] - eth_getBalance
[2024/05/20 09:10:24.471] - eth_getTransactionCount
[2024/05/20 09:10:24.610] - eth_getBalance
[2024/05/20 09:10:24.731] - eth_getTransactionCount
[2024/05/20 09:10:24.820] - eth_getBalance
[2024/05/20 09:10:24.884] - eth_getTransactionCount
[2024/05/20 09:10:24.939] - eth_getBalance
[2024/05/20 09:10:24.994] - eth_getTransactionCount
[2024/05/20 09:10:25.047] - eth_getBalance
[2024/05/20 09:10:25.118] - eth_getTransactionCount
[2024/05/20 09:10:25.183] - eth_getBalance
[2024/05/20 09:10:25.247] - eth_getTransactionCount
[2024/05/20 09:10:25.302] - eth_getBalance
[2024/05/20 09:10:25.365] - eth_getTransactionCount
[2024/05/20 09:10:25.422] - eth_getBalance
[2024/05/20 09:10:25.517] - eth_getTransactionCount
[2024/05/20 09:10:25.697] - eth_getBalance
[2024/05/20 09:10:25.764] - eth_getTransactionCount
[2024/05/20 09:10:25.835] - eth_getBalance
[2024/05/20 09:10:25.892] - eth_getTransactionCount
[2024/05/20 09:10:25.971] - eth_getBalance
[2024/05/20 09:10:26.032] - eth_getTransactionCount
[2024/05/20 09:10:26.085] - eth_getBalance
[2024/05/20 09:10:26.137] - eth_getTransactionCount
[2024/05/20 09:10:26.683] - eth_getBalance
[2024/05/20 09:10:26.731] - eth_getTransactionCount
[2024/05/20 09:10:26.973] - eth_getBalance
[2024/05/20 09:10:27.069] - eth_getTransactionCount
[2024/05/20 09:10:27.130] - eth_getBalance
[2024/05/20 09:10:27.186] - eth_getTransactionCount
[2024/05/20 09:10:27.251] - eth_getBalance
[2024/05/20 09:10:27.303] - eth_getTransactionCount
[2024/05/20 09:10:27.367] - eth_getBalance
[2024/05/20 09:10:27.429] - eth_getTransactionCount
[2024/05/20 09:10:27.504] - eth_getBalance
[2024/05/20 09:10:27.554] - eth_getTransactionCount
[2024/05/20 09:10:27.617] - eth_getBalance
[2024/05/20 09:10:27.669] - eth_getTransactionCount
[2024/05/20 09:10:27.733] - eth_getBalance
[2024/05/20 09:10:27.781] - eth_getTransactionCount
[2024/05/20 09:10:27.839] - eth_getBalance
[2024/05/20 09:10:27.892] - eth_getTransactionCount
[2024/05/20 09:10:27.954] - eth_getBalance
[2024/05/20 09:10:28.031] - eth_getTransactionCount
[2024/05/20 09:10:28.198] - eth_getBalance
[2024/05/20 09:10:28.338] - eth_getTransactionCount
[2024/05/20 09:10:28.399] - eth_getBalance
[2024/05/20 09:10:28.456] - eth_getTransactionCount
[2024/05/20 09:10:28.531] - eth_getBalance
[2024/05/20 09:10:28.590] - eth_getTransactionCount
[2024/05/20 09:10:28.665] - eth_getBalance
[2024/05/20 09:10:28.726] - eth_getTransactionCount
[2024/05/20 09:10:28.796] - eth_getBalance
[2024/05/20 09:10:28.850] - eth_getTransactionCount
[2024/05/20 09:10:28.906] - eth_getBalance
[2024/05/20 09:10:28.988] - eth_getTransactionCount
[2024/05/20 09:10:29.104] - eth_getBalance
[2024/05/20 09:10:29.191] - eth_getTransactionCount
[2024/05/20 09:10:29.283] - eth_getBalance
[2024/05/20 09:10:29.306] - eth_accounts
[2024/05/20 09:10:29.394] - eth_getTransactionCount
[2024/05/20 09:10:29.419] - eth_getBlockByNumber
[2024/05/20 09:10:29.437] - eth_blockNumber
[2024/05/20 09:10:29.446] - eth_sendTransaction
[2024/05/20 09:10:29.477] - 
  Transaction: 0xcb58007f50240103a1f600463b3e5c0cee9121484ff2fcfe16abbb71798c4ca3
  Contract created: 0x8f827ca57a82a6e03a42e410fc8c0082509b3967
  Gas usage: 1477513
  Block number: 128
  Block time: Mon May 20 2024 09:10:29 GMT+0200 (Eastern European Standard Time)

[2024/05/20 09:10:29.482] - eth_getBlockByNumber
[2024/05/20 09:10:29.493] - eth_getTransactionReceipt
[2024/05/20 09:10:29.495] - eth_blockNumber
[2024/05/20 09:10:29.516] - eth_getBalance
[2024/05/20 09:10:29.951] - eth_getTransactionCount
[2024/05/20 09:10:30.003] - eth_getBalance
[2024/05/20 09:10:30.149] - eth_getTransactionCount
[2024/05/20 09:10:30.268] - eth_getBalance
[2024/05/20 09:10:30.311] - eth_getTransactionCount
[2024/05/20 09:10:30.367] - eth_getBalance
[2024/05/20 09:10:30.414] - eth_getTransactionCount
[2024/05/20 09:10:30.466] - eth_getBalance
[2024/05/20 09:10:30.507] - eth_getTransactionCount
[2024/05/20 09:10:30.563] - eth_getBalance
[2024/05/20 09:10:30.606] - eth_getTransactionCount
[2024/05/20 09:10:30.648] - eth_getBalance
[2024/05/20 09:10:30.684] - eth_getTransactionCount
[2024/05/20 09:10:30.809] - eth_getBalance
[2024/05/20 09:10:30.870] - eth_getTransactionCount
[2024/05/20 09:10:30.953] - eth_getBalance
[2024/05/20 09:10:31.019] - eth_getTransactionCount
[2024/05/20 09:10:31.662] - eth_getBalance
[2024/05/20 09:10:31.703] - eth_getTransactionCount
[2024/05/20 09:10:31.751] - eth_getBalance
[2024/05/20 09:10:31.797] - eth_getTransactionCount
[2024/05/20 09:10:31.836] - eth_getBalance
[2024/05/20 09:10:31.871] - eth_getTransactionCount
[2024/05/20 09:10:31.926] - eth_getBalance
[2024/05/20 09:10:31.983] - eth_getTransactionCount
[2024/05/20 09:10:32.045] - eth_getBalance
[2024/05/20 09:10:32.106] - eth_getTransactionCount
[2024/05/20 09:10:32.202] - eth_getBalance
[2024/05/20 09:10:32.255] - eth_getTransactionCount
[2024/05/20 09:10:32.308] - eth_getBalance
[2024/05/20 09:10:32.357] - eth_getTransactionCount
[2024/05/20 09:10:32.535] - eth_getBalance
[2024/05/20 09:10:32.689] - eth_getTransactionCount
[2024/05/20 09:10:32.905] - eth_getBalance
[2024/05/20 09:10:33.003] - eth_getTransactionCount
[2024/05/20 09:10:33.042] - eth_getBalance
[2024/05/20 09:10:33.084] - eth_getTransactionCount
[2024/05/20 09:10:33.216] - eth_getBalance
[2024/05/20 09:10:33.418] - eth_getTransactionCount
[2024/05/20 09:10:33.508] - eth_getBalance
[2024/05/20 09:10:33.558] - eth_getTransactionCount
[2024/05/20 09:10:33.614] - eth_getBalance
[2024/05/20 09:10:33.658] - eth_getTransactionCount
[2024/05/20 09:10:33.706] - eth_getBalance
[2024/05/20 09:10:33.763] - eth_getTransactionCount
[2024/05/20 09:10:33.808] - eth_getBalance
[2024/05/20 09:10:33.866] - eth_getTransactionCount
[2024/05/20 09:10:33.915] - eth_getBalance
[2024/05/20 09:10:33.964] - eth_getTransactionCount
[2024/05/20 09:10:34.004] - eth_getBalance
[2024/05/20 09:10:34.134] - eth_getTransactionCount
[2024/05/20 09:10:34.186] - eth_getBalance
[2024/05/20 09:10:34.249] - eth_getTransactionCount
[2024/05/20 09:10:34.558] - eth_getBalance
[2024/05/20 09:10:34.596] - eth_getTransactionCount
[2024/05/20 09:10:34.645] - eth_getBalance
[2024/05/20 09:10:34.681] - eth_getTransactionCount
[2024/05/20 09:10:34.735] - eth_getBalance
[2024/05/20 09:10:34.781] - eth_getTransactionCount
[2024/05/20 09:10:34.841] - eth_getBalance
[2024/05/20 09:10:34.881] - eth_getTransactionCount
[2024/05/20 09:10:34.935] - eth_getBalance
[2024/05/20 09:10:35.022] - eth_getTransactionCount
[2024/05/20 09:10:35.059] - eth_getBalance
[2024/05/20 09:10:35.098] - eth_getTransactionCount
[2024/05/20 09:10:35.142] - eth_getTransactionCount
[2024/05/20 09:10:35.177] - eth_getBalance
[2024/05/20 09:10:35.216] - eth_getTransactionCount
[2024/05/20 09:10:35.253] - eth_getBalance
[2024/05/20 09:10:35.291] - eth_getTransactionCount
[2024/05/20 09:10:35.336] - eth_getBalance
[2024/05/20 09:10:35.368] - eth_getTransactionCount
[2024/05/20 09:10:35.404] - eth_getBalance
[2024/05/20 09:10:35.443] - eth_getTransactionCount
[2024/05/20 09:10:35.483] - eth_getBalance
[2024/05/20 09:10:35.510] - eth_getTransactionCount
[2024/05/20 09:10:35.550] - eth_getBalance
[2024/05/20 09:10:35.583] - eth_getTransactionCount
[2024/05/20 09:10:35.629] - eth_getBalance
[2024/05/20 09:10:35.664] - eth_getTransactionCount
[2024/05/20 09:10:35.707] - eth_getBalance
[2024/05/20 09:10:35.799] - eth_getTransactionCount
[2024/05/20 09:10:35.854] - eth_getBalance
[2024/05/20 09:10:35.903] - eth_getTransactionCount
[2024/05/20 09:10:35.955] - eth_getTransactionCount
[2024/05/20 09:10:36.011] - eth_getBalance
[2024/05/20 09:10:36.049] - eth_getTransactionCount
[2024/05/20 09:10:36.087] - eth_getBalance
[2024/05/20 09:10:36.123] - eth_getTransactionCount
[2024/05/20 09:10:36.163] - eth_getBalance
[2024/05/20 09:10:36.198] - eth_getTransactionCount
[2024/05/20 09:10:36.236] - eth_getBalance
[2024/05/20 09:10:36.265] - eth_getTransactionCount
[2024/05/20 09:10:36.302] - eth_getBalance
[2024/05/20 09:10:36.336] - eth_getTransactionCount
[2024/05/20 09:10:36.381] - eth_getBalance
[2024/05/20 09:10:36.411] - eth_getTransactionCount
[2024/05/20 09:10:36.464] - eth_getBalance
[2024/05/20 09:10:36.497] - eth_getTransactionCount
[2024/05/20 09:10:36.542] - eth_getBalance
[2024/05/20 09:10:36.634] - eth_getTransactionCount
[2024/05/20 09:10:36.674] - eth_getBalance
[2024/05/20 09:10:36.714] - eth_getTransactionCount
[2024/05/20 09:10:36.752] - eth_getTransactionCount
[2024/05/20 09:10:36.786] - eth_getBalance
[2024/05/20 09:10:36.828] - eth_getTransactionCount
[2024/05/20 09:10:36.874] - eth_getBalance
[2024/05/20 09:10:36.911] - eth_getTransactionCount
[2024/05/20 09:10:36.947] - eth_getBalance
[2024/05/20 09:10:36.980] - eth_getTransactionCount
[2024/05/20 09:10:37.452] - eth_getBalance
[2024/05/20 09:10:37.493] - eth_getTransactionCount
[2024/05/20 09:10:37.532] - eth_getBalance
[2024/05/20 09:10:37.567] - eth_getTransactionCount
[2024/05/20 09:10:37.600] - eth_getBalance
[2024/05/20 09:10:37.642] - eth_getTransactionCount
[2024/05/20 09:10:37.677] - eth_getBalance
[2024/05/20 09:10:37.728] - eth_getTransactionCount
[2024/05/20 09:10:37.759] - eth_getBalance
[2024/05/20 09:10:37.996] - eth_getTransactionCount
[2024/05/20 09:10:38.083] - eth_getBalance
[2024/05/20 09:10:38.136] - eth_getTransactionCount
[2024/05/20 09:10:38.189] - eth_getBalance
[2024/05/20 09:10:38.272] - eth_getTransactionCount
[2024/05/20 09:10:38.325] - eth_getTransactionCount
[2024/05/20 09:10:38.407] - eth_getBalance
[2024/05/20 09:10:38.454] - eth_getTransactionCount
[2024/05/20 09:10:38.550] - eth_getBalance
[2024/05/20 09:10:38.585] - eth_getTransactionCount
[2024/05/20 09:10:38.627] - eth_getBalance
[2024/05/20 09:10:38.667] - eth_getTransactionCount
[2024/05/20 09:10:38.701] - eth_getBalance
[2024/05/20 09:10:38.742] - eth_getTransactionCount
[2024/05/20 09:10:38.800] - eth_getBalance
[2024/05/20 09:10:38.850] - eth_getTransactionCount
[2024/05/20 09:10:38.895] - eth_getBalance
[2024/05/20 09:10:38.948] - eth_getTransactionCount
[2024/05/20 09:10:38.987] - eth_getBalance
[2024/05/20 09:10:39.040] - eth_getTransactionCount
[2024/05/20 09:10:39.086] - eth_getBalance
[2024/05/20 09:10:39.138] - eth_getTransactionCount
[2024/05/20 09:10:39.184] - eth_getTransactionCount
[2024/05/20 09:10:39.232] - eth_getBalance
[2024/05/20 09:10:39.274] - eth_getTransactionCount
[2024/05/20 09:10:39.674] - eth_getBalance
[2024/05/20 09:10:39.707] - eth_getTransactionCount
[2024/05/20 09:10:39.755] - eth_getBalance
[2024/05/20 09:10:39.794] - eth_getTransactionCount
[2024/05/20 09:10:39.834] - eth_getBalance
[2024/05/20 09:10:39.870] - eth_getTransactionCount
[2024/05/20 09:10:39.923] - eth_getBalance
[2024/05/20 09:10:39.964] - eth_getTransactionCount
[2024/05/20 09:10:40.005] - eth_getBalance
[2024/05/20 09:10:40.037] - eth_getTransactionCount
[2024/05/20 09:10:40.077] - eth_getBalance
[2024/05/20 09:10:40.113] - eth_getTransactionCount
[2024/05/20 09:10:40.154] - eth_getBalance
[2024/05/20 09:10:40.184] - eth_getTransactionCount
[2024/05/20 09:10:40.233] - eth_getBalance
[2024/05/20 09:10:40.274] - eth_getTransactionCount
[2024/05/20 09:10:40.324] - eth_getBalance
[2024/05/20 09:10:40.358] - eth_getTransactionCount
[2024/05/20 09:10:40.406] - eth_getBalance
[2024/05/20 09:10:40.443] - eth_getBalance
[2024/05/20 09:10:40.483] - eth_getTransactionCount
[2024/05/20 09:10:40.521] - eth_getBalance
[2024/05/20 09:10:40.562] - eth_getTransactionCount
[2024/05/20 09:10:40.592] - eth_getBalance
[2024/05/20 09:10:40.643] - eth_getTransactionCount
[2024/05/20 09:10:40.678] - eth_getBalance
[2024/05/20 09:10:40.740] - eth_getTransactionCount
[2024/05/20 09:10:40.796] - eth_getBalance
[2024/05/20 09:10:40.842] - eth_getTransactionCount
[2024/05/20 09:10:40.885] - eth_getBalance
[2024/05/20 09:10:40.924] - eth_getTransactionCount
[2024/05/20 09:10:40.978] - eth_getBalance
[2024/05/20 09:10:41.021] - eth_getTransactionCount
[2024/05/20 09:10:41.057] - eth_getBalance
[2024/05/20 09:10:41.100] - eth_getTransactionCount
[2024/05/20 09:10:41.131] - eth_getBalance
[2024/05/20 09:10:41.174] - eth_getTransactionCount
[2024/05/20 09:10:41.207] - eth_getBalance
[2024/05/20 09:10:53.008] - eth_call
[2024/05/20 09:11:01.896] - eth_estimateGas
[2024/05/20 09:11:02.008] - eth_getBlockByNumber
[2024/05/20 09:11:02.024] - eth_blockNumber
[2024/05/20 09:11:02.034] - eth_sendTransaction
[2024/05/20 09:11:02.093] - 
  Transaction: 0x2d91d07e86c48826efcc28d736769f2807781a8bfb0ad57873b6f589af50dc44
  Gas usage: 140201
  Block number: 129
  Block time: Mon May 20 2024 09:11:02 GMT+0200 (Eastern European Standard Time)

[2024/05/20 09:11:02.106] - eth_getBlockByNumber
[2024/05/20 09:11:02.115] - eth_getTransactionReceipt
[2024/05/20 09:11:02.116] - eth_blockNumber
[2024/05/20 09:11:04.648] - eth_getBalance
[2024/05/20 09:11:04.692] - eth_getTransactionCount
[2024/05/20 09:11:04.747] - eth_getBalance
[2024/05/20 09:11:04.796] - eth_getTransactionCount
[2024/05/20 09:11:04.842] - eth_getBalance
[2024/05/20 09:11:04.904] - eth_getTransactionCount
[2024/05/20 09:11:04.964] - eth_getBalance
[2024/05/20 09:11:05.037] - eth_getTransactionCount
[2024/05/20 09:11:05.096] - eth_getBalance
[2024/05/20 09:11:05.154] - eth_getTransactionCount
[2024/05/20 09:11:05.201] - eth_getTransactionCount
[2024/05/20 09:11:05.386] - eth_getBalance
[2024/05/20 09:11:05.466] - eth_getTransactionCount
[2024/05/20 09:11:08.501] - eth_call
[2024/05/20 09:11:18.107] - eth_getBalance
[2024/05/20 09:11:18.155] - eth_getTransactionCount
[2024/05/20 09:11:18.199] - eth_getBalance
[2024/05/20 09:11:18.226] - eth_getTransactionCount
[2024/05/20 09:11:18.337] - eth_getBalance
[2024/05/20 09:11:18.402] - eth_getTransactionCount
[2024/05/20 09:11:18.452] - eth_getBalance
[2024/05/20 09:11:18.494] - eth_getTransactionCount
[2024/05/20 09:11:18.535] - eth_getBalance
[2024/05/20 09:11:18.578] - eth_getTransactionCount
[2024/05/20 09:11:18.626] - eth_getBalance
[2024/05/20 09:11:18.672] - eth_getTransactionCount
[2024/05/20 09:11:18.709] - eth_getBalance
[2024/05/20 09:11:18.741] - eth_getTransactionCount
[2024/05/20 09:11:18.786] - eth_getBalance
[2024/05/20 09:11:18.815] - eth_getTransactionCount
[2024/05/20 09:11:18.869] - eth_getBalance
[2024/05/20 09:11:18.913] - eth_getTransactionCount
[2024/05/20 09:11:18.946] - eth_getBalance
[2024/05/20 09:11:18.983] - eth_getTransactionCount
[2024/05/20 09:11:45.291] - eth_getTransactionCount
[2024/05/20 09:11:45.326] - eth_getBalance
[2024/05/20 09:11:45.377] - eth_getTransactionCount
[2024/05/20 09:11:45.478] - eth_getBalance
[2024/05/20 09:11:45.521] - eth_getTransactionCount
[2024/05/20 09:11:45.562] - eth_getBalance
[2024/05/20 09:11:45.598] - eth_getTransactionCount
[2024/05/20 09:11:45.641] - eth_getBalance
[2024/05/20 09:11:45.682] - eth_getTransactionCount
[2024/05/20 09:11:45.716] - eth_getBalance
[2024/05/20 09:11:45.764] - eth_getTransactionCount
[2024/05/20 09:11:45.799] - eth_getBalance
[2024/05/20 09:11:45.843] - eth_getTransactionCount
[2024/05/20 09:11:45.887] - eth_getBalance
[2024/05/20 09:11:45.923] - eth_getTransactionCount
