[2024/05/20 08:52:10.891] - Starting server with initial configuration: {"gasLimit":6721975,"gasPrice":20000000000,"hardfork":"merge","hostname":"127.0.0.1","port":8545,"network_id":5777,"default_balance_ether":100,"total_accounts":10,"unlocked_accounts":[],"locked":false,"vmErrorsOnRPCResponse":true,"verbose":false,"flavor":"ethereum","db_path":"C:\\Users\\kenpachi\\AppData\\Roaming\\Ganache\\ui\\workspaces\\DNS\\chaindata","mnemonic":"rail flat mother outside wish demand vault sight divert clutch conduct move","logDirectory":"C:\\Users\\kenpachi\\Documents\\test\\Logs"}
[2024/05/20 08:52:11.330] - eth_subscribe
[2024/05/20 08:52:11.335] - eth_getLogs
[2024/05/20 08:52:11.338] - eth_subscribe
[2024/05/20 08:52:11.340] - eth_getCode
[2024/05/20 08:52:11.361] - eth_getCode
[2024/05/20 08:52:11.443] - eth_getCode
[2024/05/20 08:52:11.452] - eth_getCode
[2024/05/20 08:52:11.764] - eth_getCode
[2024/05/20 08:52:11.766] - eth_subscribe
[2024/05/20 08:52:11.767] - eth_getLogs
[2024/05/20 08:52:11.769] - eth_subscribe
[2024/05/20 08:52:11.776] - eth_getCode
[2024/05/20 08:52:12.608] - eth_blockNumber
[2024/05/20 08:52:12.610] - eth_accounts
[2024/05/20 08:52:12.612] - eth_gasPrice
[2024/05/20 08:52:12.613] - eth_getBlockByNumber
[2024/05/20 08:52:12.614] - eth_subscribe
[2024/05/20 08:52:12.620] - eth_blockNumber
[2024/05/20 08:52:12.622] - eth_accounts
[2024/05/20 08:52:12.623] - eth_gasPrice
[2024/05/20 08:52:12.624] - eth_getBlockByNumber
[2024/05/20 08:52:12.625] - eth_subscribe
[2024/05/20 08:52:12.699] - eth_accounts
[2024/05/20 08:52:13.001] - eth_getBalance
[2024/05/20 08:52:13.062] - eth_getTransactionCount
[2024/05/20 08:52:13.089] - eth_getBalance
[2024/05/20 08:52:13.117] - eth_getTransactionCount
[2024/05/20 08:52:13.142] - eth_getBalance
[2024/05/20 08:52:13.168] - eth_getTransactionCount
[2024/05/20 08:52:13.193] - eth_getBalance
[2024/05/20 08:52:13.226] - eth_getTransactionCount
[2024/05/20 08:52:13.245] - eth_getBalance
[2024/05/20 08:52:13.655] - eth_getTransactionCount
[2024/05/20 08:52:13.708] - eth_getBalance
[2024/05/20 08:52:13.747] - eth_getTransactionCount
[2024/05/20 08:52:13.779] - eth_getBalance
[2024/05/20 08:52:13.805] - eth_getTransactionCount
[2024/05/20 08:52:13.845] - eth_getBalance
[2024/05/20 08:52:13.878] - eth_getTransactionCount
[2024/05/20 08:52:13.908] - eth_getBalance
[2024/05/20 08:52:13.962] - eth_getTransactionCount
[2024/05/20 08:52:13.994] - eth_getBalance
[2024/05/20 08:52:14.020] - eth_getTransactionCount
[2024/05/20 08:52:14.103] - eth_getBalance
[2024/05/20 08:52:14.134] - eth_getTransactionCount
[2024/05/20 08:52:14.162] - eth_getBalance
[2024/05/20 08:52:14.225] - eth_getTransactionCount
[2024/05/20 08:52:14.443] - eth_getBalance
[2024/05/20 08:52:14.481] - eth_getTransactionCount
[2024/05/20 08:52:14.516] - eth_getBalance
[2024/05/20 08:52:14.542] - eth_getTransactionCount
[2024/05/20 08:52:14.572] - eth_getBalance
[2024/05/20 08:52:14.607] - eth_getTransactionCount
[2024/05/20 08:52:14.635] - eth_getBalance
[2024/05/20 08:52:14.657] - eth_getTransactionCount
[2024/05/20 08:52:14.779] - eth_getBalance
[2024/05/20 08:52:14.869] - eth_getTransactionCount
[2024/05/20 08:52:14.899] - eth_getBalance
[2024/05/20 08:52:14.925] - eth_getTransactionCount
[2024/05/20 08:52:14.950] - eth_getBalance
[2024/05/20 08:52:14.987] - eth_getTransactionCount
[2024/05/20 08:52:15.012] - eth_getBalance
[2024/05/20 08:52:15.034] - eth_getTransactionCount
[2024/05/20 08:52:15.073] - eth_getBalance
[2024/05/20 08:52:15.101] - eth_getTransactionCount
[2024/05/20 08:52:15.120] - eth_getBalance
[2024/05/20 08:52:15.148] - eth_getTransactionCount
[2024/05/20 08:52:15.175] - eth_getBalance
[2024/05/20 08:52:15.200] - eth_getTransactionCount
[2024/05/20 08:52:15.232] - eth_getBalance
[2024/05/20 08:52:15.259] - eth_getTransactionCount
[2024/05/20 08:52:15.294] - eth_getBalance
[2024/05/20 08:52:15.385] - eth_getTransactionCount
[2024/05/20 08:52:15.424] - eth_getBalance
[2024/05/20 08:52:15.457] - eth_getTransactionCount
[2024/05/20 08:52:15.483] - eth_getBalance
[2024/05/20 08:52:15.698] - eth_getTransactionCount
[2024/05/20 08:52:15.753] - eth_getBalance
[2024/05/20 08:52:15.801] - eth_getTransactionCount
[2024/05/20 08:52:15.850] - eth_getBalance
[2024/05/20 08:52:15.894] - eth_getTransactionCount
[2024/05/20 08:52:15.929] - eth_getBalance
[2024/05/20 08:52:15.952] - eth_getTransactionCount
[2024/05/20 08:52:16.303] - eth_getBalance
[2024/05/20 08:52:16.337] - eth_getTransactionCount
[2024/05/20 08:52:16.385] - eth_getBalance
[2024/05/20 08:52:16.417] - eth_getTransactionCount
[2024/05/20 08:52:16.453] - eth_getBalance
[2024/05/20 08:52:16.477] - eth_getTransactionCount
[2024/05/20 08:52:16.504] - eth_getBalance
[2024/05/20 08:52:16.561] - eth_getTransactionCount
[2024/05/20 08:52:16.641] - eth_getBalance
[2024/05/20 08:52:16.696] - eth_getTransactionCount
[2024/05/20 08:52:16.964] - eth_getBalance
[2024/05/20 08:52:17.031] - eth_getTransactionCount
[2024/05/20 08:52:17.103] - eth_getBalance
[2024/05/20 08:52:17.213] - eth_getTransactionCount
[2024/05/20 08:52:17.291] - eth_getBalance
[2024/05/20 08:52:17.356] - eth_getTransactionCount
[2024/05/20 08:52:17.432] - eth_getBalance
[2024/05/20 08:52:17.483] - eth_getTransactionCount
[2024/05/20 08:52:17.523] - eth_getBalance
[2024/05/20 08:52:17.578] - eth_getTransactionCount
[2024/05/20 08:54:32.361] - eth_blockNumber
[2024/05/20 08:54:32.403] - net_version
[2024/05/20 08:54:32.415] - eth_accounts
[2024/05/20 08:54:32.484] - eth_getBlockByNumber
[2024/05/20 08:54:32.500] - eth_accounts
[2024/05/20 08:54:32.613] - eth_getBlockByNumber
[2024/05/20 08:54:32.622] - eth_getBlockByNumber
[2024/05/20 08:54:32.632] - eth_getBlockByNumber
[2024/05/20 08:54:32.660] - eth_estimateGas
[2024/05/20 08:54:32.886] - eth_getBlockByNumber
[2024/05/20 08:54:32.896] - eth_blockNumber
[2024/05/20 08:54:32.911] - eth_estimateGas
[2024/05/20 08:54:32.982] - eth_getBlockByNumber
[2024/05/20 08:54:32.984] - eth_gasPrice
[2024/05/20 08:54:32.995] - eth_sendTransaction
[2024/05/20 08:54:33.054] - 
  Transaction: 0x58d9a290092537553006209ddd049a44b0b9ddf30652bc62e896b12c9eba7067
  Contract created: 0x6922dea979c9625647f464d20d831998b8b8153b
  Gas usage: 1477513
  Block number: 98
  Block time: Mon May 20 2024 08:54:33 GMT+0200 (Eastern European Standard Time)

[2024/05/20 08:54:33.068] - eth_getBlockByNumber
[2024/05/20 08:54:33.070] - eth_getTransactionReceipt
[2024/05/20 08:54:33.085] - eth_getCode
[2024/05/20 08:54:33.103] - eth_getTransactionByHash
[2024/05/20 08:54:33.117] - eth_getBlockByNumber
[2024/05/20 08:54:33.128] - eth_getBalance
[2024/05/20 08:54:33.153] - eth_getBlockByNumber
[2024/05/20 08:54:33.163] - eth_getBlockByNumber
[2024/05/20 08:54:33.170] - eth_getBlockByNumber
[2024/05/20 08:54:33.187] - eth_estimateGas
[2024/05/20 08:54:33.296] - eth_getBlockByNumber
[2024/05/20 08:54:33.299] - eth_blockNumber
[2024/05/20 08:54:33.304] - eth_estimateGas
[2024/05/20 08:54:33.393] - eth_getBlockByNumber
[2024/05/20 08:54:33.396] - eth_gasPrice
[2024/05/20 08:54:33.403] - eth_sendTransaction
[2024/05/20 08:54:33.434] - 
  Transaction: 0x635f6b5202dec28221615201f24f606880a67856400030725d3dab9412d8f434
  Contract created: 0xb93d7b4eb769ec1eb383830310c76caba41be79a
  Gas usage: 227845
  Block number: 99
  Block time: Mon May 20 2024 08:54:33 GMT+0200 (Eastern European Standard Time)

[2024/05/20 08:54:33.438] - eth_getBlockByNumber
[2024/05/20 08:54:33.441] - eth_getTransactionReceipt
[2024/05/20 08:54:33.448] - eth_getCode
[2024/05/20 08:54:33.456] - eth_getTransactionByHash
[2024/05/20 08:54:33.463] - eth_getBlockByNumber
[2024/05/20 08:54:33.470] - eth_getBalance
[2024/05/20 08:54:33.701] - eth_getBalance
[2024/05/20 08:54:33.847] - eth_getTransactionCount
[2024/05/20 08:54:33.940] - eth_getBalance
[2024/05/20 08:54:34.016] - eth_getTransactionCount
[2024/05/20 08:54:34.065] - eth_getBalance
[2024/05/20 08:54:34.105] - eth_getTransactionCount
[2024/05/20 08:54:34.139] - eth_getBalance
[2024/05/20 08:54:34.174] - eth_getTransactionCount
[2024/05/20 08:54:34.213] - eth_getBalance
[2024/05/20 08:54:34.250] - eth_getTransactionCount
[2024/05/20 08:54:34.285] - eth_getBalance
[2024/05/20 08:54:34.309] - eth_getTransactionCount
[2024/05/20 08:54:34.338] - eth_getBalance
[2024/05/20 08:54:34.364] - eth_getTransactionCount
[2024/05/20 08:54:34.394] - eth_getBalance
[2024/05/20 08:54:34.419] - eth_getTransactionCount
[2024/05/20 08:54:34.444] - eth_getBalance
[2024/05/20 08:54:34.464] - eth_getTransactionCount
[2024/05/20 08:54:34.493] - eth_getBalance
[2024/05/20 08:54:34.513] - eth_getTransactionCount
[2024/05/20 08:54:34.530] - eth_getBalance
[2024/05/20 08:54:34.615] - eth_getTransactionCount
[2024/05/20 08:54:34.860] - eth_getBalance
[2024/05/20 08:54:34.899] - eth_getTransactionCount
[2024/05/20 08:54:34.952] - eth_getBalance
[2024/05/20 08:54:34.977] - eth_getTransactionCount
[2024/05/20 08:54:35.000] - eth_getBalance
[2024/05/20 08:54:35.029] - eth_getTransactionCount
[2024/05/20 08:54:35.070] - eth_getBalance
[2024/05/20 08:54:35.099] - eth_getTransactionCount
[2024/05/20 08:54:35.126] - eth_getBalance
[2024/05/20 08:54:35.160] - eth_getTransactionCount
[2024/05/20 08:54:35.194] - eth_getBalance
[2024/05/20 08:54:35.250] - eth_getTransactionCount
[2024/05/20 08:54:35.296] - eth_getBalance
[2024/05/20 08:54:35.328] - eth_getTransactionCount
[2024/05/20 08:54:35.355] - eth_getBalance
[2024/05/20 08:54:35.419] - eth_getTransactionCount
[2024/05/20 08:54:35.456] - eth_getBalance
[2024/05/20 08:54:35.488] - eth_getTransactionCount
[2024/05/20 08:54:43.566] - eth_blockNumber
[2024/05/20 08:54:43.616] - net_version
[2024/05/20 08:54:43.625] - eth_accounts
[2024/05/20 08:54:43.666] - eth_blockNumber
[2024/05/20 08:54:43.677] - net_version
[2024/05/20 08:55:07.416] - eth_unsubscribe
[2024/05/20 08:55:07.418] - eth_unsubscribe
